Copyright 1986-2018 Xilinx, Inc. All Rights Reserved.
------------------------------------------------------------------------------------
| Tool Version : Vivado v.2018.3 (win64) Build 2405991 Thu Dec  6 23:38:27 MST 2018
| Date         : Sat Jun  6 11:42:15 2026
| Host         : DESKTOP-6DMTGNH running 64-bit major release  (build 9200)
| Command      : report_timing_summary -file bitstreams/v2_dds_btn_timing.rpt
| Design       : ro_top_v2
| Device       : 7s50-csga324
| Speed File   : -1  PRODUCTION 1.23 2018-06-13
------------------------------------------------------------------------------------

Timing Summary Report

------------------------------------------------------------------------------------------------
| Timer Settings
| --------------
------------------------------------------------------------------------------------------------

  Enable Multi Corner Analysis               :  Yes
  Enable Pessimism Removal                   :  Yes
  Pessimism Removal Resolution               :  Nearest Common Node
  Enable Input Delay Default Clock           :  No
  Enable Preset / Clear Arcs                 :  No
  Disable Flight Delays                      :  No
  Ignore I/O Paths                           :  No
  Timing Early Launch at Borrowing Latches   :  false

  Corner  Analyze    Analyze    
  Name    Max Paths  Min Paths  
  ------  ---------  ---------  
  Slow    Yes        Yes        
  Fast    Yes        Yes        



check_timing report

Table of Contents
-----------------
1. checking no_clock
2. checking constant_clock
3. checking pulse_width_clock
4. checking unconstrained_internal_endpoints
5. checking no_input_delay
6. checking no_output_delay
7. checking multiple_clock
8. checking generated_clocks
9. checking loops
10. checking partial_input_delay
11. checking partial_output_delay
12. checking latch_loops

1. checking no_clock
--------------------
 There are 17 register/latch pins with no clock driven by root clock pin: u_core/g_bank[0].u_ring/g_tail_inv.tailv_inferred_i_1/O (HIGH)


2. checking constant_clock
--------------------------
 There are 0 register/latch pins with constant_clock.


3. checking pulse_width_clock
-----------------------------
 There are 0 register/latch pins which need pulse_width check


4. checking unconstrained_internal_endpoints
--------------------------------------------
 There are 0 pins that are not constrained for maximum delay.

 There are 0 pins that are not constrained for maximum delay due to constant clock.


5. checking no_input_delay
--------------------------
 There are 4 input ports with no input delay specified. (HIGH)

 There are 0 input ports with no input delay but user has a false path constraint.


6. checking no_output_delay
---------------------------
 There are 7 ports with no output delay specified. (HIGH)

 There are 0 ports with no output delay but user has a false path constraint

 There are 0 ports with no output delay but with a timing clock defined on it or propagating through it


7. checking multiple_clock
--------------------------
 There are 0 register/latch pins with multiple clocks.


8. checking generated_clocks
----------------------------
 There are 0 generated clocks that are not connected to a clock source.


9. checking loops
-----------------
 There are 8 combinational loops in the design. (HIGH)


10. checking partial_input_delay
--------------------------------
 There are 0 input ports with partial input delay specified.


11. checking partial_output_delay
---------------------------------
 There are 0 ports with partial output delay specified.


12. checking latch_loops
------------------------
 There are 0 combinational latch loops in the design through latch input



------------------------------------------------------------------------------------------------
| Design Timing Summary
| ---------------------
------------------------------------------------------------------------------------------------

    WNS(ns)      TNS(ns)  TNS Failing Endpoints  TNS Total Endpoints      WHS(ns)      THS(ns)  THS Failing Endpoints  THS Total Endpoints     WPWS(ns)     TPWS(ns)  TPWS Failing Endpoints  TPWS Total Endpoints  
    -------      -------  ---------------------  -------------------      -------      -------  ---------------------  -------------------     --------     --------  ----------------------  --------------------  
      0.203        0.000                      0                  234        0.119        0.000                      0                  234       -0.489       -0.977                       2                   211  


Timing constraints are not met.


------------------------------------------------------------------------------------------------
| Clock Summary
| -------------
------------------------------------------------------------------------------------------------

Clock              Waveform(ns)         Period(ns)      Frequency(MHz)
-----              ------------         ----------      --------------
clk_sys            {0.000 41.667}       83.333          12.000          
  clk_fb_o         {0.000 41.666}       83.333          12.000          
  clk_fb_o_1       {0.000 41.666}       83.333          12.000          
  clk_out_unbuf    {0.000 0.833}        1.667           600.002         
  clk_out_unbuf_1  {0.000 0.833}        1.667           600.002         


------------------------------------------------------------------------------------------------
| Intra Clock Table
| -----------------
------------------------------------------------------------------------------------------------

Clock                  WNS(ns)      TNS(ns)  TNS Failing Endpoints  TNS Total Endpoints      WHS(ns)      THS(ns)  THS Failing Endpoints  THS Total Endpoints     WPWS(ns)     TPWS(ns)  TPWS Failing Endpoints  TPWS Total Endpoints  
-----                  -------      -------  ---------------------  -------------------      -------      -------  ---------------------  -------------------     --------     --------  ----------------------  --------------------  
clk_sys                 48.670        0.000                      0                  224        0.164        0.000                      0                  224       16.667        0.000                       0                   189  
  clk_fb_o                                                                                                                                                          16.667        0.000                       0                     3  
  clk_fb_o_1                                                                                                                                                        16.667        0.000                       0                     3  
  clk_out_unbuf          0.609        0.000                      0                    5        0.176        0.000                      0                    5       -0.489       -0.489                       1                     8  
  clk_out_unbuf_1        0.565        0.000                      0                    5        0.151        0.000                      0                    5       -0.489       -0.489                       1                     8  


------------------------------------------------------------------------------------------------
| Inter Clock Table
| -----------------
------------------------------------------------------------------------------------------------

From Clock     To Clock           WNS(ns)      TNS(ns)  TNS Failing Endpoints  TNS Total Endpoints      WHS(ns)      THS(ns)  THS Failing Endpoints  THS Total Endpoints  
----------     --------           -------      -------  ---------------------  -------------------      -------      -------  ---------------------  -------------------  
clk_sys        clk_out_unbuf        0.203        0.000                      0                    1        0.119        0.000                      0                    1  


------------------------------------------------------------------------------------------------
| Other Path Groups Table
| -----------------------
------------------------------------------------------------------------------------------------

Path Group    From Clock    To Clock          WNS(ns)      TNS(ns)  TNS Failing Endpoints  TNS Total Endpoints      WHS(ns)      THS(ns)  THS Failing Endpoints  THS Total Endpoints  
----------    ----------    --------          -------      -------  ---------------------  -------------------      -------      -------  ---------------------  -------------------  


------------------------------------------------------------------------------------------------
| Timing Details
| --------------
------------------------------------------------------------------------------------------------


---------------------------------------------------------------------------------------------------
From Clock:  clk_sys
  To Clock:  clk_sys

Setup :            0  Failing Endpoints,  Worst Slack       48.670ns,  Total Violation        0.000ns
Hold  :            0  Failing Endpoints,  Worst Slack        0.164ns,  Total Violation        0.000ns
PW    :            0  Failing Endpoints,  Worst Slack       16.667ns,  Total Violation        0.000ns
---------------------------------------------------------------------------------------------------


Max Delay Paths
--------------------------------------------------------------------------------------
Slack (MET) :             48.670ns  (required time - arrival time)
  Source:                 u_sel/target_q_reg[3]/C
                            (rising edge-triggered cell FDPE clocked by clk_sys  {rise@0.000ns fall@41.667ns period=83.333ns})
  Destination:            u_dds/u_accum/phase_reg[29]/D
                            (rising edge-triggered cell FDCE clocked by clk_sys  {rise@0.000ns fall@41.667ns period=83.333ns})
  Path Group:             clk_sys
  Path Type:              Setup (Max at Slow Process Corner)
  Requirement:            83.333ns  (clk_sys rise@83.333ns - clk_sys rise@0.000ns)
  Data Path Delay:        34.659ns  (logic 14.131ns (40.772%)  route 20.528ns (59.228%))
  Logic Levels:           42  (CARRY4=28 DSP48E1=1 LUT3=4 LUT4=4 LUT5=3 LUT6=2)
  Clock Path Skew:        -0.031ns (DCD - SCD + CPR)
    Destination Clock Delay (DCD):    4.869ns = ( 88.202 - 83.333 ) 
    Source Clock Delay      (SCD):    5.079ns
    Clock Pessimism Removal (CPR):    0.179ns
  Clock Uncertainty:      0.035ns  ((TSJ^2 + TIJ^2)^1/2 + DJ) / 2 + PE
    Total System Jitter     (TSJ):    0.071ns
    Total Input Jitter      (TIJ):    0.000ns
    Discrete Jitter          (DJ):    0.000ns
    Phase Error              (PE):    0.000ns

    Location             Delay type                Incr(ns)  Path(ns)    Netlist Resource(s)
  -------------------------------------------------------------------    -------------------
                         (clock clk_sys rise edge)    0.000     0.000 r  
    F14                                               0.000     0.000 r  clk_12mhz (IN)
                         net (fo=0)                   0.000     0.000    clk_12mhz
    F14                  IBUF (Prop_ibuf_I_O)         1.458     1.458 r  clk_12mhz_IBUF_inst/O
                         net (fo=1, routed)           1.972     3.430    clk_12mhz_IBUF
    BUFGCTRL_X0Y16       BUFG (Prop_bufg_I_O)         0.096     3.526 r  clk_12mhz_IBUF_BUFG_inst/O
                         net (fo=188, routed)         1.553     5.079    u_sel/clk_12mhz_IBUF_BUFG
    SLICE_X12Y60         FDPE                                         r  u_sel/target_q_reg[3]/C
  -------------------------------------------------------------------    -------------------
    SLICE_X12Y60         FDPE (Prop_fdpe_C_Q)         0.518     5.597 r  u_sel/target_q_reg[3]/Q
                         net (fo=26, routed)          0.757     6.354    u_target/t[3]
    DSP48_X0Y24          DSP48E1 (Prop_dsp48e1_B[3]_P[23])
                                                      3.656    10.010 r  dds_freq_hz/P[23]
                         net (fo=46, routed)          4.658    14.668    u_dds/u_ftw/P[23]
    SLICE_X15Y36         LUT6 (Prop_lut6_I5_O)        0.124    14.792 r  u_dds/u_ftw/phase[0]_i_368/O
                         net (fo=1, routed)           0.000    14.792    u_dds/u_ftw/phase[0]_i_368_n_0
    SLICE_X15Y36         CARRY4 (Prop_carry4_S[3]_CO[3])
                                                      0.401    15.193 r  u_dds/u_ftw/phase_reg[0]_i_221/CO[3]
                         net (fo=1, routed)           0.000    15.193    u_dds/u_ftw/phase_reg[0]_i_221_n_0
    SLICE_X15Y37         CARRY4 (Prop_carry4_CI_CO[3])
                                                      0.114    15.307 r  u_dds/u_ftw/phase_reg[0]_i_220/CO[3]
                         net (fo=1, routed)           0.000    15.307    u_dds/u_ftw/phase_reg[0]_i_220_n_0
    SLICE_X15Y38         CARRY4 (Prop_carry4_CI_CO[3])
                                                      0.114    15.421 r  u_dds/u_ftw/phase_reg[4]_i_53/CO[3]
                         net (fo=1, routed)           0.000    15.421    u_dds/u_ftw/phase_reg[4]_i_53_n_0
    SLICE_X15Y39         CARRY4 (Prop_carry4_CI_CO[3])
                                                      0.114    15.535 r  u_dds/u_ftw/phase_reg[8]_i_57/CO[3]
                         net (fo=1, routed)           0.000    15.535    u_dds/u_ftw/phase_reg[8]_i_57_n_0
    SLICE_X15Y40         CARRY4 (Prop_carry4_CI_CO[3])
                                                      0.114    15.649 r  u_dds/u_ftw/phase_reg[12]_i_57/CO[3]
                         net (fo=1, routed)           0.000    15.649    u_dds/u_ftw/phase_reg[12]_i_57_n_0
    SLICE_X15Y41         CARRY4 (Prop_carry4_CI_CO[0])
                                                      0.271    15.920 f  u_dds/u_ftw/phase_reg[16]_i_57/CO[0]
                         net (fo=42, routed)          1.266    17.186    u_dds/u_ftw/phase_reg[16]_i_57_n_3
    SLICE_X11Y50         LUT3 (Prop_lut3_I2_O)        0.403    17.589 r  u_dds/u_ftw/phase[16]_i_48/O
                         net (fo=2, routed)           0.690    18.279    u_dds/u_ftw/phase[16]_i_48_n_0
    SLICE_X11Y50         LUT4 (Prop_lut4_I3_O)        0.327    18.606 r  u_dds/u_ftw/phase[16]_i_52/O
                         net (fo=1, routed)           0.000    18.606    u_dds/u_ftw/phase[16]_i_52_n_0
    SLICE_X11Y50         CARRY4 (Prop_carry4_S[3]_CO[3])
                                                      0.401    19.007 r  u_dds/u_ftw/phase_reg[16]_i_24/CO[3]
                         net (fo=1, routed)           0.000    19.007    u_dds/u_ftw/phase_reg[16]_i_24_n_0
    SLICE_X11Y51         CARRY4 (Prop_carry4_CI_O[1])
                                                      0.334    19.341 r  u_dds/u_ftw/phase_reg[20]_i_24/O[1]
                         net (fo=3, routed)           1.406    20.747    u_dds/u_ftw/phase_reg[20]_i_24_n_6
    SLICE_X15Y54         LUT3 (Prop_lut3_I1_O)        0.303    21.050 r  u_dds/u_ftw/phase[20]_i_21/O
                         net (fo=2, routed)           0.447    21.497    u_dds/u_ftw/phase[20]_i_21_n_0
    SLICE_X15Y54         LUT5 (Prop_lut5_I1_O)        0.124    21.621 r  u_dds/u_ftw/phase[20]_i_12/O
                         net (fo=2, routed)           1.208    22.829    u_dds/u_ftw/phase[20]_i_12_n_0
    SLICE_X13Y50         LUT6 (Prop_lut6_I0_O)        0.124    22.953 r  u_dds/u_ftw/phase[20]_i_16/O
                         net (fo=1, routed)           0.000    22.953    u_dds/u_ftw/phase[20]_i_16_n_0
    SLICE_X13Y50         CARRY4 (Prop_carry4_S[3]_CO[3])
                                                      0.401    23.354 r  u_dds/u_ftw/phase_reg[20]_i_10/CO[3]
                         net (fo=1, routed)           0.000    23.354    u_dds/u_ftw/phase_reg[20]_i_10_n_0
    SLICE_X13Y51         CARRY4 (Prop_carry4_CI_O[1])
                                                      0.334    23.688 f  u_dds/u_ftw/phase_reg[24]_i_10/O[1]
                         net (fo=28, routed)          2.699    26.387    u_dds/u_ftw/phase_reg[24]_i_10_n_6
    SLICE_X5Y49          LUT3 (Prop_lut3_I2_O)        0.332    26.719 r  u_dds/u_ftw/phase[0]_i_695/O
                         net (fo=2, routed)           0.838    27.557    u_dds/u_ftw/phase[0]_i_695_n_0
    SLICE_X5Y49          LUT4 (Prop_lut4_I3_O)        0.327    27.884 r  u_dds/u_ftw/phase[0]_i_699/O
                         net (fo=1, routed)           0.000    27.884    u_dds/u_ftw/phase[0]_i_699_n_0
    SLICE_X5Y49          CARRY4 (Prop_carry4_S[3]_CO[3])
                                                      0.401    28.285 r  u_dds/u_ftw/phase_reg[0]_i_631/CO[3]
                         net (fo=1, routed)           0.001    28.286    u_dds/u_ftw/phase_reg[0]_i_631_n_0
    SLICE_X5Y50          CARRY4 (Prop_carry4_CI_CO[3])
                                                      0.114    28.400 r  u_dds/u_ftw/phase_reg[0]_i_567/CO[3]
                         net (fo=1, routed)           0.000    28.400    u_dds/u_ftw/phase_reg[0]_i_567_n_0
    SLICE_X5Y51          CARRY4 (Prop_carry4_CI_O[1])
                                                      0.334    28.734 r  u_dds/u_ftw/phase_reg[0]_i_466/O[1]
                         net (fo=3, routed)           0.985    29.719    u_dds/u_ftw/phase_reg[0]_i_466_n_6
    SLICE_X8Y51          LUT3 (Prop_lut3_I0_O)        0.303    30.022 r  u_dds/u_ftw/phase[0]_i_611/O
                         net (fo=2, routed)           1.078    31.100    u_dds/u_ftw/phase[0]_i_611_n_0
    SLICE_X2Y51          LUT5 (Prop_lut5_I1_O)        0.124    31.224 r  u_dds/u_ftw/phase[0]_i_539/O
                         net (fo=2, routed)           0.727    31.952    u_dds/u_ftw/phase[0]_i_539_n_0
    SLICE_X6Y51          CARRY4 (Prop_carry4_DI[1]_CO[3])
                                                      0.520    32.472 r  u_dds/u_ftw/phase_reg[0]_i_408/CO[3]
                         net (fo=1, routed)           0.000    32.472    u_dds/u_ftw/phase_reg[0]_i_408_n_0
    SLICE_X6Y52          CARRY4 (Prop_carry4_CI_CO[3])
                                                      0.117    32.589 r  u_dds/u_ftw/phase_reg[0]_i_244/CO[3]
                         net (fo=1, routed)           0.000    32.589    u_dds/u_ftw/phase_reg[0]_i_244_n_0
    SLICE_X6Y53          CARRY4 (Prop_carry4_CI_CO[3])
                                                      0.117    32.706 r  u_dds/u_ftw/phase_reg[0]_i_139/CO[3]
                         net (fo=1, routed)           0.000    32.706    u_dds/u_ftw/phase_reg[0]_i_139_n_0
    SLICE_X6Y54          CARRY4 (Prop_carry4_CI_CO[3])
                                                      0.117    32.823 r  u_dds/u_ftw/phase_reg[0]_i_69/CO[3]
                         net (fo=1, routed)           0.000    32.823    u_dds/u_ftw/phase_reg[0]_i_69_n_0
    SLICE_X6Y55          CARRY4 (Prop_carry4_CI_O[0])
                                                      0.219    33.042 r  u_dds/u_ftw/phase_reg[0]_i_35/O[0]
                         net (fo=3, routed)           0.871    33.913    u_dds/u_ftw/phase_reg[0]_i_35_n_7
    SLICE_X7Y55          LUT4 (Prop_lut4_I1_O)        0.295    34.208 r  u_dds/u_ftw/phase[0]_i_67/O
                         net (fo=1, routed)           0.000    34.208    u_dds/u_ftw/phase[0]_i_67_n_0
    SLICE_X7Y55          CARRY4 (Prop_carry4_S[1]_CO[3])
                                                      0.550    34.758 r  u_dds/u_ftw/phase_reg[0]_i_30/CO[3]
                         net (fo=1, routed)           0.000    34.758    u_dds/u_ftw/phase_reg[0]_i_30_n_0
    SLICE_X7Y56          CARRY4 (Prop_carry4_CI_CO[2])
                                                      0.228    34.986 r  u_dds/u_ftw/phase_reg[0]_i_18/CO[2]
                         net (fo=32, routed)          2.329    37.315    u_dds/u_ftw/phase_reg[0]_i_18_n_1
    SLICE_X2Y39          LUT4 (Prop_lut4_I1_O)        0.313    37.628 r  u_dds/u_ftw/phase[0]_i_9/O
                         net (fo=1, routed)           0.567    38.195    u_dds/u_ftw/data0[3]
    SLICE_X0Y39          LUT5 (Prop_lut5_I3_O)        0.124    38.319 r  u_dds/u_ftw/phase[0]_i_2/O
                         net (fo=1, routed)           0.000    38.319    u_dds/u_accum/S[3]
    SLICE_X0Y39          CARRY4 (Prop_carry4_S[3]_CO[3])
                                                      0.401    38.720 r  u_dds/u_accum/phase_reg[0]_i_1/CO[3]
                         net (fo=1, routed)           0.000    38.720    u_dds/u_accum/phase_reg[0]_i_1_n_0
    SLICE_X0Y40          CARRY4 (Prop_carry4_CI_CO[3])
                                                      0.114    38.834 r  u_dds/u_accum/phase_reg[4]_i_1/CO[3]
                         net (fo=1, routed)           0.000    38.834    u_dds/u_accum/phase_reg[4]_i_1_n_0
    SLICE_X0Y41          CARRY4 (Prop_carry4_CI_CO[3])
                                                      0.114    38.948 r  u_dds/u_accum/phase_reg[8]_i_1/CO[3]
                         net (fo=1, routed)           0.000    38.948    u_dds/u_accum/phase_reg[8]_i_1_n_0
    SLICE_X0Y42          CARRY4 (Prop_carry4_CI_CO[3])
                                                      0.114    39.062 r  u_dds/u_accum/phase_reg[12]_i_1/CO[3]
                         net (fo=1, routed)           0.000    39.062    u_dds/u_accum/phase_reg[12]_i_1_n_0
    SLICE_X0Y43          CARRY4 (Prop_carry4_CI_CO[3])
                                                      0.114    39.176 r  u_dds/u_accum/phase_reg[16]_i_1/CO[3]
                         net (fo=1, routed)           0.000    39.176    u_dds/u_accum/phase_reg[16]_i_1_n_0
    SLICE_X0Y44          CARRY4 (Prop_carry4_CI_CO[3])
                                                      0.114    39.290 r  u_dds/u_accum/phase_reg[20]_i_1/CO[3]
                         net (fo=1, routed)           0.000    39.290    u_dds/u_accum/phase_reg[20]_i_1_n_0
    SLICE_X0Y45          CARRY4 (Prop_carry4_CI_CO[3])
                                                      0.114    39.404 r  u_dds/u_accum/phase_reg[24]_i_1/CO[3]
                         net (fo=1, routed)           0.000    39.404    u_dds/u_accum/phase_reg[24]_i_1_n_0
    SLICE_X0Y46          CARRY4 (Prop_carry4_CI_O[1])
                                                      0.334    39.738 r  u_dds/u_accum/phase_reg[28]_i_1/O[1]
                         net (fo=1, routed)           0.000    39.738    u_dds/u_accum/phase_reg[28]_i_1_n_6
    SLICE_X0Y46          FDCE                                         r  u_dds/u_accum/phase_reg[29]/D
  -------------------------------------------------------------------    -------------------

                         (clock clk_sys rise edge)   83.333    83.333 r  
    F14                                               0.000    83.333 r  clk_12mhz (IN)
                         net (fo=0)                   0.000    83.333    clk_12mhz
    F14                  IBUF (Prop_ibuf_I_O)         1.388    84.721 r  clk_12mhz_IBUF_inst/O
                         net (fo=1, routed)           1.868    86.589    clk_12mhz_IBUF
    BUFGCTRL_X0Y16       BUFG (Prop_bufg_I_O)         0.091    86.680 r  clk_12mhz_IBUF_BUFG_inst/O
                         net (fo=188, routed)         1.522    88.203    u_dds/u_accum/clk_12mhz_IBUF_BUFG
    SLICE_X0Y46          FDCE                                         r  u_dds/u_accum/phase_reg[29]/C
                         clock pessimism              0.179    88.381    
                         clock uncertainty           -0.035    88.346    
    SLICE_X0Y46          FDCE (Setup_fdce_C_D)        0.062    88.408    u_dds/u_accum/phase_reg[29]
  -------------------------------------------------------------------
                         required time                         88.408    
                         arrival time                         -39.738    
  -------------------------------------------------------------------
                         slack                                 48.670    





Min Delay Paths
--------------------------------------------------------------------------------------
Slack (MET) :             0.164ns  (arrival time - required time)
  Source:                 u_db_ms/btn_sync_2_reg/C
                            (rising edge-triggered cell FDCE clocked by clk_sys  {rise@0.000ns fall@41.667ns period=83.333ns})
  Destination:            u_db_ms/cnt_reg[20]/D
                            (rising edge-triggered cell FDCE clocked by clk_sys  {rise@0.000ns fall@41.667ns period=83.333ns})
  Path Group:             clk_sys
  Path Type:              Hold (Min at Fast Process Corner)
  Requirement:            0.000ns  (clk_sys rise@0.000ns - clk_sys rise@0.000ns)
  Data Path Delay:        0.298ns  (logic 0.186ns (62.443%)  route 0.112ns (37.557%))
  Logic Levels:           1  (LUT5=1)
  Clock Path Skew:        0.013ns (DCD - SCD - CPR)
    Destination Clock Delay (DCD):    1.983ns
    Source Clock Delay      (SCD):    1.469ns
    Clock Pessimism Removal (CPR):    0.501ns

    Location             Delay type                Incr(ns)  Path(ns)    Netlist Resource(s)
  -------------------------------------------------------------------    -------------------
                         (clock clk_sys rise edge)    0.000     0.000 r  
    F14                                               0.000     0.000 r  clk_12mhz (IN)
                         net (fo=0)                   0.000     0.000    clk_12mhz
    F14                  IBUF (Prop_ibuf_I_O)         0.226     0.226 r  clk_12mhz_IBUF_inst/O
                         net (fo=1, routed)           0.634     0.861    clk_12mhz_IBUF
    BUFGCTRL_X0Y16       BUFG (Prop_bufg_I_O)         0.026     0.887 r  clk_12mhz_IBUF_BUFG_inst/O
                         net (fo=188, routed)         0.583     1.469    u_db_ms/clk_12mhz_IBUF_BUFG
    SLICE_X3Y69          FDCE                                         r  u_db_ms/btn_sync_2_reg/C
  -------------------------------------------------------------------    -------------------
    SLICE_X3Y69          FDCE (Prop_fdce_C_Q)         0.141     1.610 r  u_db_ms/btn_sync_2_reg/Q
                         net (fo=33, routed)          0.112     1.722    u_db_ms/btn_sync_2
    SLICE_X2Y69          LUT5 (Prop_lut5_I3_O)        0.045     1.767 r  u_db_ms/cnt[20]_i_1__1/O
                         net (fo=1, routed)           0.000     1.767    u_db_ms/p_0_in[20]
    SLICE_X2Y69          FDCE                                         r  u_db_ms/cnt_reg[20]/D
  -------------------------------------------------------------------    -------------------

                         (clock clk_sys rise edge)    0.000     0.000 r  
    F14                                               0.000     0.000 r  clk_12mhz (IN)
                         net (fo=0)                   0.000     0.000    clk_12mhz
    F14                  IBUF (Prop_ibuf_I_O)         0.414     0.414 r  clk_12mhz_IBUF_inst/O
                         net (fo=1, routed)           0.689     1.103    clk_12mhz_IBUF
    BUFGCTRL_X0Y16       BUFG (Prop_bufg_I_O)         0.029     1.132 r  clk_12mhz_IBUF_BUFG_inst/O
                         net (fo=188, routed)         0.851     1.983    u_db_ms/clk_12mhz_IBUF_BUFG
    SLICE_X2Y69          FDCE                                         r  u_db_ms/cnt_reg[20]/C
                         clock pessimism             -0.501     1.482    
    SLICE_X2Y69          FDCE (Hold_fdce_C_D)         0.121     1.603    u_db_ms/cnt_reg[20]
  -------------------------------------------------------------------
                         required time                         -1.603    
                         arrival time                           1.767    
  -------------------------------------------------------------------
                         slack                                  0.164    





Pulse Width Checks
--------------------------------------------------------------------------------------
Clock Name:         clk_sys
Waveform(ns):       { 0.000 41.667 }
Period(ns):         83.333
Sources:            { clk_12mhz }

Check Type        Corner  Lib Pin            Reference Pin  Required(ns)  Actual(ns)  Slack(ns)  Location         Pin
Min Period        n/a     BUFG/I             n/a            2.155         83.333      81.178     BUFGCTRL_X0Y16   clk_12mhz_IBUF_BUFG_inst/I
Max Period        n/a     MMCME2_ADV/CLKIN1  n/a            100.000       83.333      16.667     MMCME2_ADV_X0Y0  u_scope/u_mmcm/CLKIN1
Low Pulse Width   Slow    MMCME2_ADV/CLKIN1  n/a            10.000        41.666      31.666     MMCME2_ADV_X1Y0  u_scope_ring/u_mmcm/CLKIN1
High Pulse Width  Fast    MMCME2_ADV/CLKIN1  n/a            10.000        41.667      31.667     MMCME2_ADV_X0Y0  u_scope/u_mmcm/CLKIN1



---------------------------------------------------------------------------------------------------
From Clock:  clk_fb_o
  To Clock:  clk_fb_o

Setup :           NA  Failing Endpoints,  Worst Slack           NA  ,  Total Violation           NA
Hold  :           NA  Failing Endpoints,  Worst Slack           NA  ,  Total Violation           NA
PW    :            0  Failing Endpoints,  Worst Slack       16.667ns,  Total Violation        0.000ns
---------------------------------------------------------------------------------------------------


Pulse Width Checks
--------------------------------------------------------------------------------------
Clock Name:         clk_fb_o
Waveform(ns):       { 0.000 41.667 }
Period(ns):         83.333
Sources:            { u_scope/u_mmcm/CLKFBOUT }

Check Type  Corner  Lib Pin             Reference Pin  Required(ns)  Actual(ns)  Slack(ns)  Location         Pin
Min Period  n/a     BUFG/I              n/a            2.155         83.333      81.178     BUFGCTRL_X0Y3    u_scope/bufg_fb/I
Max Period  n/a     MMCME2_ADV/CLKFBIN  n/a            100.000       83.333      16.667     MMCME2_ADV_X0Y0  u_scope/u_mmcm/CLKFBIN



---------------------------------------------------------------------------------------------------
From Clock:  clk_fb_o_1
  To Clock:  clk_fb_o_1

Setup :           NA  Failing Endpoints,  Worst Slack           NA  ,  Total Violation           NA
Hold  :           NA  Failing Endpoints,  Worst Slack           NA  ,  Total Violation           NA
PW    :            0  Failing Endpoints,  Worst Slack       16.667ns,  Total Violation        0.000ns
---------------------------------------------------------------------------------------------------


Pulse Width Checks
--------------------------------------------------------------------------------------
Clock Name:         clk_fb_o_1
Waveform(ns):       { 0.000 41.667 }
Period(ns):         83.333
Sources:            { u_scope_ring/u_mmcm/CLKFBOUT }

Check Type  Corner  Lib Pin             Reference Pin  Required(ns)  Actual(ns)  Slack(ns)  Location         Pin
Min Period  n/a     BUFG/I              n/a            2.155         83.333      81.178     BUFGCTRL_X0Y4    u_scope_ring/bufg_fb/I
Max Period  n/a     MMCME2_ADV/CLKFBIN  n/a            100.000       83.333      16.667     MMCME2_ADV_X1Y0  u_scope_ring/u_mmcm/CLKFBIN



---------------------------------------------------------------------------------------------------
From Clock:  clk_out_unbuf
  To Clock:  clk_out_unbuf

Setup :            0  Failing Endpoints,  Worst Slack        0.609ns,  Total Violation        0.000ns
Hold  :            0  Failing Endpoints,  Worst Slack        0.176ns,  Total Violation        0.000ns
PW    :            1  Failing Endpoint ,  Worst Slack       -0.489ns,  Total Violation       -0.489ns
---------------------------------------------------------------------------------------------------


Max Delay Paths
--------------------------------------------------------------------------------------
Slack (MET) :             0.609ns  (required time - arrival time)
  Source:                 u_scope/ext_rst_hi_reg/C
                            (rising edge-triggered cell FDCE clocked by clk_out_unbuf  {rise@0.000ns fall@0.833ns period=1.667ns})
  Destination:            u_scope/ext_rst_ok_reg/D
                            (rising edge-triggered cell FDCE clocked by clk_out_unbuf  {rise@0.000ns fall@0.833ns period=1.667ns})
  Path Group:             clk_out_unbuf
  Path Type:              Setup (Max at Slow Process Corner)
  Requirement:            1.667ns  (clk_out_unbuf rise@1.667ns - clk_out_unbuf rise@0.000ns)
  Data Path Delay:        0.763ns  (logic 0.419ns (54.942%)  route 0.344ns (45.058%))
  Logic Levels:           0  
  Clock Path Skew:        -0.026ns (DCD - SCD + CPR)
    Destination Clock Delay (DCD):    4.859ns = ( 6.526 - 1.667 ) 
    Source Clock Delay      (SCD):    5.157ns
    Clock Pessimism Removal (CPR):    0.272ns
  Clock Uncertainty:      0.036ns  ((TSJ^2 + DJ^2)^1/2) / 2 + PE
    Total System Jitter     (TSJ):    0.071ns
    Discrete Jitter          (DJ):    0.010ns
    Phase Error              (PE):    0.000ns

    Location             Delay type                Incr(ns)  Path(ns)    Netlist Resource(s)
  -------------------------------------------------------------------    -------------------
                         (clock clk_out_unbuf rise edge)
                                                      0.000     0.000 r  
    F14                                               0.000     0.000 r  clk_12mhz (IN)
                         net (fo=0)                   0.000     0.000    clk_12mhz
    F14                  IBUF (Prop_ibuf_I_O)         1.458     1.458 r  clk_12mhz_IBUF_inst/O
                         net (fo=1, routed)           1.972     3.430    clk_12mhz_IBUF
    BUFGCTRL_X0Y16       BUFG (Prop_bufg_I_O)         0.096     3.526 r  clk_12mhz_IBUF_BUFG_inst/O
                         net (fo=188, routed)         1.576     5.102    u_scope/clk_12mhz_IBUF_BUFG
    MMCME2_ADV_X0Y0      MMCME2_ADV (Prop_mmcme2_adv_CLKIN1_CLKOUT0)
                                                     -3.337     1.766 r  u_scope/u_mmcm/CLKOUT0
                         net (fo=1, routed)           1.666     3.432    u_scope/clk_out_unbuf
    BUFGCTRL_X0Y0        BUFG (Prop_bufg_I_O)         0.096     3.528 r  u_scope/bufg_out/O
                         net (fo=6, routed)           1.629     5.157    u_scope/clk600
    SLICE_X1Y32          FDCE                                         r  u_scope/ext_rst_hi_reg/C
  -------------------------------------------------------------------    -------------------
    SLICE_X1Y32          FDCE (Prop_fdce_C_Q)         0.419     5.576 r  u_scope/ext_rst_hi_reg/Q
                         net (fo=1, routed)           0.344     5.920    u_scope/ext_rst_hi
    SLICE_X1Y31          FDCE                                         r  u_scope/ext_rst_ok_reg/D
  -------------------------------------------------------------------    -------------------

                         (clock clk_out_unbuf rise edge)
                                                      1.667     1.667 r  
    F14                                               0.000     1.667 r  clk_12mhz (IN)
                         net (fo=0)                   0.000     1.667    clk_12mhz
    F14                  IBUF (Prop_ibuf_I_O)         1.388     3.055 r  clk_12mhz_IBUF_inst/O
                         net (fo=1, routed)           1.868     4.923    clk_12mhz_IBUF
    BUFGCTRL_X0Y16       BUFG (Prop_bufg_I_O)         0.091     5.014 r  clk_12mhz_IBUF_BUFG_inst/O
                         net (fo=188, routed)         1.458     6.472    u_scope/clk_12mhz_IBUF_BUFG
    MMCME2_ADV_X0Y0      MMCME2_ADV (Prop_mmcme2_adv_CLKIN1_CLKOUT0)
                                                     -3.133     3.339 r  u_scope/u_mmcm/CLKOUT0
                         net (fo=1, routed)           1.587     4.926    u_scope/clk_out_unbuf
    BUFGCTRL_X0Y0        BUFG (Prop_bufg_I_O)         0.091     5.017 r  u_scope/bufg_out/O
                         net (fo=6, routed)           1.509     6.526    u_scope/clk600
    SLICE_X1Y31          FDCE                                         r  u_scope/ext_rst_ok_reg/C
                         clock pessimism              0.272     6.798    
                         clock uncertainty           -0.036     6.762    
    SLICE_X1Y31          FDCE (Setup_fdce_C_D)       -0.233     6.529    u_scope/ext_rst_ok_reg
  -------------------------------------------------------------------
                         required time                          6.529    
                         arrival time                          -5.920    
  -------------------------------------------------------------------
                         slack                                  0.609    





Min Delay Paths
--------------------------------------------------------------------------------------
Slack (MET) :             0.176ns  (arrival time - required time)
  Source:                 u_scope/rraw_a_reg/C
                            (rising edge-triggered cell FDCE clocked by clk_out_unbuf  {rise@0.000ns fall@0.833ns period=1.667ns})
  Destination:            u_scope/rraw_b_reg/D
                            (rising edge-triggered cell FDCE clocked by clk_out_unbuf  {rise@0.000ns fall@0.833ns period=1.667ns})
  Path Group:             clk_out_unbuf
  Path Type:              Hold (Min at Fast Process Corner)
  Requirement:            0.000ns  (clk_out_unbuf rise@0.000ns - clk_out_unbuf rise@0.000ns)
  Data Path Delay:        0.282ns  (logic 0.186ns (65.917%)  route 0.096ns (34.083%))
  Logic Levels:           1  (LUT3=1)
  Clock Path Skew:        0.014ns (DCD - SCD - CPR)
    Destination Clock Delay (DCD):    1.991ns
    Source Clock Delay      (SCD):    1.477ns
    Clock Pessimism Removal (CPR):    0.500ns

    Location             Delay type                Incr(ns)  Path(ns)    Netlist Resource(s)
  -------------------------------------------------------------------    -------------------
                         (clock clk_out_unbuf rise edge)
                                                      0.000     0.000 r  
    F14                                               0.000     0.000 r  clk_12mhz (IN)
                         net (fo=0)                   0.000     0.000    clk_12mhz
    F14                  IBUF (Prop_ibuf_I_O)         0.226     0.226 r  clk_12mhz_IBUF_inst/O
                         net (fo=1, routed)           0.634     0.861    clk_12mhz_IBUF
    BUFGCTRL_X0Y16       BUFG (Prop_bufg_I_O)         0.026     0.887 r  clk_12mhz_IBUF_BUFG_inst/O
                         net (fo=188, routed)         0.551     1.437    u_scope/clk_12mhz_IBUF_BUFG
    MMCME2_ADV_X0Y0      MMCME2_ADV (Prop_mmcme2_adv_CLKIN1_CLKOUT0)
                                                     -1.063     0.374 r  u_scope/u_mmcm/CLKOUT0
                         net (fo=1, routed)           0.489     0.863    u_scope/clk_out_unbuf
    BUFGCTRL_X0Y0        BUFG (Prop_bufg_I_O)         0.026     0.889 r  u_scope/bufg_out/O
                         net (fo=6, routed)           0.589     1.477    u_scope/clk600
    SLICE_X3Y32          FDCE                                         r  u_scope/rraw_a_reg/C
  -------------------------------------------------------------------    -------------------
    SLICE_X3Y32          FDCE (Prop_fdce_C_Q)         0.141     1.618 r  u_scope/rraw_a_reg/Q
                         net (fo=1, routed)           0.096     1.714    u_scope/rraw_a
    SLICE_X1Y32          LUT3 (Prop_lut3_I2_O)        0.045     1.759 r  u_scope/rraw_b_i_1/O
                         net (fo=1, routed)           0.000     1.759    u_scope/rraw_b_i_1_n_0
    SLICE_X1Y32          FDCE                                         r  u_scope/rraw_b_reg/D
  -------------------------------------------------------------------    -------------------

                         (clock clk_out_unbuf rise edge)
                                                      0.000     0.000 r  
    F14                                               0.000     0.000 r  clk_12mhz (IN)
                         net (fo=0)                   0.000     0.000    clk_12mhz
    F14                  IBUF (Prop_ibuf_I_O)         0.414     0.414 r  clk_12mhz_IBUF_inst/O
                         net (fo=1, routed)           0.689     1.103    clk_12mhz_IBUF
    BUFGCTRL_X0Y16       BUFG (Prop_bufg_I_O)         0.029     1.132 r  clk_12mhz_IBUF_BUFG_inst/O
                         net (fo=188, routed)         0.818     1.949    u_scope/clk_12mhz_IBUF_BUFG
    MMCME2_ADV_X0Y0      MMCME2_ADV (Prop_mmcme2_adv_CLKIN1_CLKOUT0)
                                                     -1.378     0.571 r  u_scope/u_mmcm/CLKOUT0
                         net (fo=1, routed)           0.534     1.105    u_scope/clk_out_unbuf
    BUFGCTRL_X0Y0        BUFG (Prop_bufg_I_O)         0.029     1.134 r  u_scope/bufg_out/O
                         net (fo=6, routed)           0.858     1.991    u_scope/clk600
    SLICE_X1Y32          FDCE                                         r  u_scope/rraw_b_reg/C
                         clock pessimism             -0.500     1.491    
    SLICE_X1Y32          FDCE (Hold_fdce_C_D)         0.092     1.583    u_scope/rraw_b_reg
  -------------------------------------------------------------------
                         required time                         -1.583    
                         arrival time                           1.759    
  -------------------------------------------------------------------
                         slack                                  0.176    





Pulse Width Checks
--------------------------------------------------------------------------------------
Clock Name:         clk_out_unbuf
Waveform(ns):       { 0.000 0.833 }
Period(ns):         1.667
Sources:            { u_scope/u_mmcm/CLKOUT0 }

Check Type        Corner  Lib Pin             Reference Pin  Required(ns)  Actual(ns)  Slack(ns)  Location         Pin
Min Period        n/a     BUFG/I              n/a            2.155         1.667       -0.489     BUFGCTRL_X0Y0    u_scope/bufg_out/I
Max Period        n/a     MMCME2_ADV/CLKOUT0  n/a            213.360       1.667       211.693    MMCME2_ADV_X0Y0  u_scope/u_mmcm/CLKOUT0
Low Pulse Width   Slow    FDCE/C              n/a            0.500         0.833       0.333      SLICE_X1Y31      u_scope/ext_rst_ok_reg/C
High Pulse Width  Slow    FDCE/C              n/a            0.500         0.833       0.333      SLICE_X1Y32      u_scope/ext_rst_hi_reg/C



---------------------------------------------------------------------------------------------------
From Clock:  clk_out_unbuf_1
  To Clock:  clk_out_unbuf_1

Setup :            0  Failing Endpoints,  Worst Slack        0.565ns,  Total Violation        0.000ns
Hold  :            0  Failing Endpoints,  Worst Slack        0.151ns,  Total Violation        0.000ns
PW    :            1  Failing Endpoint ,  Worst Slack       -0.489ns,  Total Violation       -0.489ns
---------------------------------------------------------------------------------------------------


Max Delay Paths
--------------------------------------------------------------------------------------
Slack (MET) :             0.565ns  (required time - arrival time)
  Source:                 u_scope_ring/rraw_a_reg/C
                            (rising edge-triggered cell FDCE clocked by clk_out_unbuf_1  {rise@0.000ns fall@0.833ns period=1.667ns})
  Destination:            u_scope_ring/rraw_b_reg/D
                            (rising edge-triggered cell FDCE clocked by clk_out_unbuf_1  {rise@0.000ns fall@0.833ns period=1.667ns})
  Path Group:             clk_out_unbuf_1
  Path Type:              Setup (Max at Slow Process Corner)
  Requirement:            1.667ns  (clk_out_unbuf_1 rise@1.667ns - clk_out_unbuf_1 rise@0.000ns)
  Data Path Delay:        1.071ns  (logic 0.642ns (59.941%)  route 0.429ns (40.059%))
  Logic Levels:           1  (LUT3=1)
  Clock Path Skew:        -0.024ns (DCD - SCD + CPR)
    Destination Clock Delay (DCD):    4.783ns = ( 6.449 - 1.667 ) 
    Source Clock Delay      (SCD):    5.077ns
    Clock Pessimism Removal (CPR):    0.270ns
  Clock Uncertainty:      0.036ns  ((TSJ^2 + DJ^2)^1/2) / 2 + PE
    Total System Jitter     (TSJ):    0.071ns
    Discrete Jitter          (DJ):    0.010ns
    Phase Error              (PE):    0.000ns

    Location             Delay type                Incr(ns)  Path(ns)    Netlist Resource(s)
  -------------------------------------------------------------------    -------------------
                         (clock clk_out_unbuf_1 rise edge)
                                                      0.000     0.000 r  
    F14                                               0.000     0.000 r  clk_12mhz (IN)
                         net (fo=0)                   0.000     0.000    clk_12mhz
    F14                  IBUF (Prop_ibuf_I_O)         1.458     1.458 r  clk_12mhz_IBUF_inst/O
                         net (fo=1, routed)           1.972     3.430    clk_12mhz_IBUF
    BUFGCTRL_X0Y16       BUFG (Prop_bufg_I_O)         0.096     3.526 r  clk_12mhz_IBUF_BUFG_inst/O
                         net (fo=188, routed)         1.577     5.103    u_scope_ring/clk_12mhz_IBUF_BUFG
    MMCME2_ADV_X1Y0      MMCME2_ADV (Prop_mmcme2_adv_CLKIN1_CLKOUT0)
                                                     -3.333     1.771 r  u_scope_ring/u_mmcm/CLKOUT0
                         net (fo=1, routed)           1.661     3.432    u_scope_ring/clk_out_unbuf
    BUFGCTRL_X0Y1        BUFG (Prop_bufg_I_O)         0.096     3.528 r  u_scope_ring/bufg_out/O
                         net (fo=6, routed)           1.549     5.077    u_scope_ring/clk600
    SLICE_X14Y66         FDCE                                         r  u_scope_ring/rraw_a_reg/C
  -------------------------------------------------------------------    -------------------
    SLICE_X14Y66         FDCE (Prop_fdce_C_Q)         0.518     5.595 r  u_scope_ring/rraw_a_reg/Q
                         net (fo=1, routed)           0.429     6.024    u_scope_ring/rraw_a
    SLICE_X13Y66         LUT3 (Prop_lut3_I2_O)        0.124     6.148 r  u_scope_ring/rraw_b_i_1__0/O
                         net (fo=1, routed)           0.000     6.148    u_scope_ring/rraw_b_i_1__0_n_0
    SLICE_X13Y66         FDCE                                         r  u_scope_ring/rraw_b_reg/D
  -------------------------------------------------------------------    -------------------

                         (clock clk_out_unbuf_1 rise edge)
                                                      1.667     1.667 r  
    F14                                               0.000     1.667 r  clk_12mhz (IN)
                         net (fo=0)                   0.000     1.667    clk_12mhz
    F14                  IBUF (Prop_ibuf_I_O)         1.388     3.055 r  clk_12mhz_IBUF_inst/O
                         net (fo=1, routed)           1.868     4.923    clk_12mhz_IBUF
    BUFGCTRL_X0Y16       BUFG (Prop_bufg_I_O)         0.091     5.014 r  clk_12mhz_IBUF_BUFG_inst/O
                         net (fo=188, routed)         1.460     6.474    u_scope_ring/clk_12mhz_IBUF_BUFG
    MMCME2_ADV_X1Y0      MMCME2_ADV (Prop_mmcme2_adv_CLKIN1_CLKOUT0)
                                                     -3.129     3.345 r  u_scope_ring/u_mmcm/CLKOUT0
                         net (fo=1, routed)           1.581     4.926    u_scope_ring/clk_out_unbuf
    BUFGCTRL_X0Y1        BUFG (Prop_bufg_I_O)         0.091     5.017 r  u_scope_ring/bufg_out/O
                         net (fo=6, routed)           1.433     6.449    u_scope_ring/clk600
    SLICE_X13Y66         FDCE                                         r  u_scope_ring/rraw_b_reg/C
                         clock pessimism              0.270     6.720    
                         clock uncertainty           -0.036     6.684    
    SLICE_X13Y66         FDCE (Setup_fdce_C_D)        0.029     6.713    u_scope_ring/rraw_b_reg
  -------------------------------------------------------------------
                         required time                          6.713    
                         arrival time                          -6.148    
  -------------------------------------------------------------------
                         slack                                  0.565    





Min Delay Paths
--------------------------------------------------------------------------------------
Slack (MET) :             0.151ns  (arrival time - required time)
  Source:                 u_scope_ring/rraw_b_reg/C
                            (rising edge-triggered cell FDCE clocked by clk_out_unbuf_1  {rise@0.000ns fall@0.833ns period=1.667ns})
  Destination:            u_scope_ring/rraw_c_reg/D
                            (rising edge-triggered cell FDCE clocked by clk_out_unbuf_1  {rise@0.000ns fall@0.833ns period=1.667ns})
  Path Group:             clk_out_unbuf_1
  Path Type:              Hold (Min at Fast Process Corner)
  Requirement:            0.000ns  (clk_out_unbuf_1 rise@0.000ns - clk_out_unbuf_1 rise@0.000ns)
  Data Path Delay:        0.286ns  (logic 0.186ns (64.996%)  route 0.100ns (35.004%))
  Logic Levels:           1  (LUT3=1)
  Clock Path Skew:        0.014ns (DCD - SCD - CPR)
    Destination Clock Delay (DCD):    1.960ns
    Source Clock Delay      (SCD):    1.447ns
    Clock Pessimism Removal (CPR):    0.499ns

    Location             Delay type                Incr(ns)  Path(ns)    Netlist Resource(s)
  -------------------------------------------------------------------    -------------------
                         (clock clk_out_unbuf_1 rise edge)
                                                      0.000     0.000 r  
    F14                                               0.000     0.000 r  clk_12mhz (IN)
                         net (fo=0)                   0.000     0.000    clk_12mhz
    F14                  IBUF (Prop_ibuf_I_O)         0.226     0.226 r  clk_12mhz_IBUF_inst/O
                         net (fo=1, routed)           0.634     0.861    clk_12mhz_IBUF
    BUFGCTRL_X0Y16       BUFG (Prop_bufg_I_O)         0.026     0.887 r  clk_12mhz_IBUF_BUFG_inst/O
                         net (fo=188, routed)         0.551     1.437    u_scope_ring/clk_12mhz_IBUF_BUFG
    MMCME2_ADV_X1Y0      MMCME2_ADV (Prop_mmcme2_adv_CLKIN1_CLKOUT0)
                                                     -1.061     0.377 r  u_scope_ring/u_mmcm/CLKOUT0
                         net (fo=1, routed)           0.486     0.863    u_scope_ring/clk_out_unbuf
    BUFGCTRL_X0Y1        BUFG (Prop_bufg_I_O)         0.026     0.889 r  u_scope_ring/bufg_out/O
                         net (fo=6, routed)           0.559     1.447    u_scope_ring/clk600
    SLICE_X13Y66         FDCE                                         r  u_scope_ring/rraw_b_reg/C
  -------------------------------------------------------------------    -------------------
    SLICE_X13Y66         FDCE (Prop_fdce_C_Q)         0.141     1.588 r  u_scope_ring/rraw_b_reg/Q
                         net (fo=1, routed)           0.100     1.688    u_scope_ring/rraw_b
    SLICE_X14Y66         LUT3 (Prop_lut3_I2_O)        0.045     1.733 r  u_scope_ring/rraw_c_i_1__0/O
                         net (fo=1, routed)           0.000     1.733    u_scope_ring/rraw_c_i_1__0_n_0
    SLICE_X14Y66         FDCE                                         r  u_scope_ring/rraw_c_reg/D
  -------------------------------------------------------------------    -------------------

                         (clock clk_out_unbuf_1 rise edge)
                                                      0.000     0.000 r  
    F14                                               0.000     0.000 r  clk_12mhz (IN)
                         net (fo=0)                   0.000     0.000    clk_12mhz
    F14                  IBUF (Prop_ibuf_I_O)         0.414     0.414 r  clk_12mhz_IBUF_inst/O
                         net (fo=1, routed)           0.689     1.103    clk_12mhz_IBUF
    BUFGCTRL_X0Y16       BUFG (Prop_bufg_I_O)         0.029     1.132 r  clk_12mhz_IBUF_BUFG_inst/O
                         net (fo=188, routed)         0.819     1.950    u_scope_ring/clk_12mhz_IBUF_BUFG
    MMCME2_ADV_X1Y0      MMCME2_ADV (Prop_mmcme2_adv_CLKIN1_CLKOUT0)
                                                     -1.375     0.575 r  u_scope_ring/u_mmcm/CLKOUT0
                         net (fo=1, routed)           0.530     1.105    u_scope_ring/clk_out_unbuf
    BUFGCTRL_X0Y1        BUFG (Prop_bufg_I_O)         0.029     1.134 r  u_scope_ring/bufg_out/O
                         net (fo=6, routed)           0.826     1.960    u_scope_ring/clk600
    SLICE_X14Y66         FDCE                                         r  u_scope_ring/rraw_c_reg/C
                         clock pessimism             -0.499     1.461    
    SLICE_X14Y66         FDCE (Hold_fdce_C_D)         0.121     1.582    u_scope_ring/rraw_c_reg
  -------------------------------------------------------------------
                         required time                         -1.582    
                         arrival time                           1.733    
  -------------------------------------------------------------------
                         slack                                  0.151    





Pulse Width Checks
--------------------------------------------------------------------------------------
Clock Name:         clk_out_unbuf_1
Waveform(ns):       { 0.000 0.833 }
Period(ns):         1.667
Sources:            { u_scope_ring/u_mmcm/CLKOUT0 }

Check Type        Corner  Lib Pin             Reference Pin  Required(ns)  Actual(ns)  Slack(ns)  Location         Pin
Min Period        n/a     BUFG/I              n/a            2.155         1.667       -0.489     BUFGCTRL_X0Y1    u_scope_ring/bufg_out/I
Max Period        n/a     MMCME2_ADV/CLKOUT0  n/a            213.360       1.667       211.693    MMCME2_ADV_X1Y0  u_scope_ring/u_mmcm/CLKOUT0
Low Pulse Width   Slow    FDCE/C              n/a            0.500         0.833       0.333      SLICE_X15Y66     u_scope_ring/ext_rst_hi_reg/C
High Pulse Width  Fast    FDCE/C              n/a            0.500         0.833       0.333      SLICE_X15Y66     u_scope_ring/ext_rst_hi_reg/C



---------------------------------------------------------------------------------------------------
From Clock:  clk_sys
  To Clock:  clk_out_unbuf

Setup :            0  Failing Endpoints,  Worst Slack        0.203ns,  Total Violation        0.000ns
Hold  :            0  Failing Endpoints,  Worst Slack        0.119ns,  Total Violation        0.000ns
---------------------------------------------------------------------------------------------------


Max Delay Paths
--------------------------------------------------------------------------------------
Slack (MET) :             0.203ns  (required time - arrival time)
  Source:                 u_ro_buf/ro_out_reg/C
                            (rising edge-triggered cell FDCE clocked by clk_sys  {rise@0.000ns fall@41.667ns period=83.333ns})
  Destination:            u_scope/rraw_a_reg/D
                            (rising edge-triggered cell FDCE clocked by clk_out_unbuf  {rise@0.000ns fall@0.833ns period=1.667ns})
  Path Group:             clk_out_unbuf
  Path Type:              Setup (Max at Slow Process Corner)
  Requirement:            1.667ns  (clk_out_unbuf rise@1.667ns - clk_sys rise@0.000ns)
  Data Path Delay:        1.310ns  (logic 0.580ns (44.280%)  route 0.730ns (55.720%))
  Logic Levels:           1  (LUT3=1)
  Clock Path Skew:        -0.117ns (DCD - SCD + CPR)
    Destination Clock Delay (DCD):    4.861ns = ( 6.528 - 1.667 ) 
    Source Clock Delay      (SCD):    5.157ns
    Clock Pessimism Removal (CPR):    0.179ns
  Clock Uncertainty:      0.068ns  ((TSJ^2 + DJ^2)^1/2) / 2 + PE
    Total System Jitter     (TSJ):    0.071ns
    Discrete Jitter          (DJ):    0.010ns
    Phase Error              (PE):    0.032ns

    Location             Delay type                Incr(ns)  Path(ns)    Netlist Resource(s)
  -------------------------------------------------------------------    -------------------
                         (clock clk_sys rise edge)    0.000     0.000 r  
    F14                                               0.000     0.000 r  clk_12mhz (IN)
                         net (fo=0)                   0.000     0.000    clk_12mhz
    F14                  IBUF (Prop_ibuf_I_O)         1.458     1.458 r  clk_12mhz_IBUF_inst/O
                         net (fo=1, routed)           1.972     3.430    clk_12mhz_IBUF
    BUFGCTRL_X0Y16       BUFG (Prop_bufg_I_O)         0.096     3.526 r  clk_12mhz_IBUF_BUFG_inst/O
                         net (fo=188, routed)         1.631     5.157    u_ro_buf/clk_12mhz_IBUF_BUFG
    SLICE_X0Y32          FDCE                                         r  u_ro_buf/ro_out_reg/C
  -------------------------------------------------------------------    -------------------
    SLICE_X0Y32          FDCE (Prop_fdce_C_Q)         0.456     5.613 r  u_ro_buf/ro_out_reg/Q
                         net (fo=1, routed)           0.730     6.343    u_scope/ro_buffered
    SLICE_X3Y32          LUT3 (Prop_lut3_I2_O)        0.124     6.467 r  u_scope/rraw_a_i_1/O
                         net (fo=1, routed)           0.000     6.467    u_scope/rraw_a_i_1_n_0
    SLICE_X3Y32          FDCE                                         r  u_scope/rraw_a_reg/D
  -------------------------------------------------------------------    -------------------

                         (clock clk_out_unbuf rise edge)
                                                      1.667     1.667 r  
    F14                                               0.000     1.667 r  clk_12mhz (IN)
                         net (fo=0)                   0.000     1.667    clk_12mhz
    F14                  IBUF (Prop_ibuf_I_O)         1.388     3.055 r  clk_12mhz_IBUF_inst/O
                         net (fo=1, routed)           1.868     4.923    clk_12mhz_IBUF
    BUFGCTRL_X0Y16       BUFG (Prop_bufg_I_O)         0.091     5.014 r  clk_12mhz_IBUF_BUFG_inst/O
                         net (fo=188, routed)         1.458     6.472    u_scope/clk_12mhz_IBUF_BUFG
    MMCME2_ADV_X0Y0      MMCME2_ADV (Prop_mmcme2_adv_CLKIN1_CLKOUT0)
                                                     -3.133     3.339 r  u_scope/u_mmcm/CLKOUT0
                         net (fo=1, routed)           1.587     4.926    u_scope/clk_out_unbuf
    BUFGCTRL_X0Y0        BUFG (Prop_bufg_I_O)         0.091     5.017 r  u_scope/bufg_out/O
                         net (fo=6, routed)           1.511     6.528    u_scope/clk600
    SLICE_X3Y32          FDCE                                         r  u_scope/rraw_a_reg/C
                         clock pessimism              0.179     6.707    
                         clock uncertainty           -0.068     6.639    
    SLICE_X3Y32          FDCE (Setup_fdce_C_D)        0.031     6.670    u_scope/rraw_a_reg
  -------------------------------------------------------------------
                         required time                          6.670    
                         arrival time                          -6.467    
  -------------------------------------------------------------------
                         slack                                  0.203    





Min Delay Paths
--------------------------------------------------------------------------------------
Slack (MET) :             0.119ns  (arrival time - required time)
  Source:                 u_ro_buf/ro_out_reg/C
                            (rising edge-triggered cell FDCE clocked by clk_sys  {rise@0.000ns fall@41.667ns period=83.333ns})
  Destination:            u_scope/rraw_a_reg/D
                            (rising edge-triggered cell FDCE clocked by clk_out_unbuf  {rise@0.000ns fall@0.833ns period=1.667ns})
  Path Group:             clk_out_unbuf
  Path Type:              Hold (Min at Fast Process Corner)
  Requirement:            0.000ns  (clk_out_unbuf rise@0.000ns - clk_sys rise@0.000ns)
  Data Path Delay:        0.548ns  (logic 0.186ns (33.951%)  route 0.362ns (66.049%))
  Logic Levels:           1  (LUT3=1)
  Clock Path Skew:        0.269ns (DCD - SCD - CPR)
    Destination Clock Delay (DCD):    1.991ns
    Source Clock Delay      (SCD):    1.477ns
    Clock Pessimism Removal (CPR):    0.245ns
  Clock Uncertainty:      0.068ns  ((TSJ^2 + DJ^2)^1/2) / 2 + PE
    Total System Jitter     (TSJ):    0.071ns
    Discrete Jitter          (DJ):    0.010ns
    Phase Error              (PE):    0.032ns

    Location             Delay type                Incr(ns)  Path(ns)    Netlist Resource(s)
  -------------------------------------------------------------------    -------------------
                         (clock clk_sys rise edge)    0.000     0.000 r  
    F14                                               0.000     0.000 r  clk_12mhz (IN)
                         net (fo=0)                   0.000     0.000    clk_12mhz
    F14                  IBUF (Prop_ibuf_I_O)         0.226     0.226 r  clk_12mhz_IBUF_inst/O
                         net (fo=1, routed)           0.634     0.861    clk_12mhz_IBUF
    BUFGCTRL_X0Y16       BUFG (Prop_bufg_I_O)         0.026     0.887 r  clk_12mhz_IBUF_BUFG_inst/O
                         net (fo=188, routed)         0.591     1.477    u_ro_buf/clk_12mhz_IBUF_BUFG
    SLICE_X0Y32          FDCE                                         r  u_ro_buf/ro_out_reg/C
  -------------------------------------------------------------------    -------------------
    SLICE_X0Y32          FDCE (Prop_fdce_C_Q)         0.141     1.618 r  u_ro_buf/ro_out_reg/Q
                         net (fo=1, routed)           0.362     1.980    u_scope/ro_buffered
    SLICE_X3Y32          LUT3 (Prop_lut3_I2_O)        0.045     2.025 r  u_scope/rraw_a_i_1/O
                         net (fo=1, routed)           0.000     2.025    u_scope/rraw_a_i_1_n_0
    SLICE_X3Y32          FDCE                                         r  u_scope/rraw_a_reg/D
  -------------------------------------------------------------------    -------------------

                         (clock clk_out_unbuf rise edge)
                                                      0.000     0.000 r  
    F14                                               0.000     0.000 r  clk_12mhz (IN)
                         net (fo=0)                   0.000     0.000    clk_12mhz
    F14                  IBUF (Prop_ibuf_I_O)         0.414     0.414 r  clk_12mhz_IBUF_inst/O
                         net (fo=1, routed)           0.689     1.103    clk_12mhz_IBUF
    BUFGCTRL_X0Y16       BUFG (Prop_bufg_I_O)         0.029     1.132 r  clk_12mhz_IBUF_BUFG_inst/O
                         net (fo=188, routed)         0.818     1.949    u_scope/clk_12mhz_IBUF_BUFG
    MMCME2_ADV_X0Y0      MMCME2_ADV (Prop_mmcme2_adv_CLKIN1_CLKOUT0)
                                                     -1.378     0.571 r  u_scope/u_mmcm/CLKOUT0
                         net (fo=1, routed)           0.534     1.105    u_scope/clk_out_unbuf
    BUFGCTRL_X0Y0        BUFG (Prop_bufg_I_O)         0.029     1.134 r  u_scope/bufg_out/O
                         net (fo=6, routed)           0.858     1.991    u_scope/clk600
    SLICE_X3Y32          FDCE                                         r  u_scope/rraw_a_reg/C
                         clock pessimism             -0.245     1.746    
                         clock uncertainty            0.068     1.814    
    SLICE_X3Y32          FDCE (Hold_fdce_C_D)         0.092     1.906    u_scope/rraw_a_reg
  -------------------------------------------------------------------
                         required time                         -1.906    
                         arrival time                           2.025    
  -------------------------------------------------------------------
                         slack                                  0.119    





