Copyright 1986-2018 Xilinx, Inc. All Rights Reserved.
------------------------------------------------------------------------------------
| Tool Version : Vivado v.2018.3 (win64) Build 2405991 Thu Dec  6 23:38:27 MST 2018
| Date         : Sat Jun  6 11:47:25 2026
| Host         : DESKTOP-6DMTGNH running 64-bit major release  (build 9200)
| Command      : report_timing_summary -file bitstreams/v3_tft_timing.rpt
| Design       : ro_top_v3_wrapper
| Device       : 7s50-csga324
| Speed File   : -1  PRODUCTION 1.23 2018-06-13
------------------------------------------------------------------------------------

Timing Summary Report

------------------------------------------------------------------------------------------------
| Timer Settings
| --------------
------------------------------------------------------------------------------------------------

  Enable Multi Corner Analysis               :  Yes
  Enable Pessimism Removal                   :  Yes
  Pessimism Removal Resolution               :  Nearest Common Node
  Enable Input Delay Default Clock           :  No
  Enable Preset / Clear Arcs                 :  No
  Disable Flight Delays                      :  No
  Ignore I/O Paths                           :  No
  Timing Early Launch at Borrowing Latches   :  false

  Corner  Analyze    Analyze    
  Name    Max Paths  Min Paths  
  ------  ---------  ---------  
  Slow    Yes        Yes        
  Fast    Yes        Yes        



check_timing report

Table of Contents
-----------------
1. checking no_clock
2. checking constant_clock
3. checking pulse_width_clock
4. checking unconstrained_internal_endpoints
5. checking no_input_delay
6. checking no_output_delay
7. checking multiple_clock
8. checking generated_clocks
9. checking loops
10. checking partial_input_delay
11. checking partial_output_delay
12. checking latch_loops

1. checking no_clock
--------------------
 There are 0 register/latch pins with no clock.


2. checking constant_clock
--------------------------
 There are 0 register/latch pins with constant_clock.


3. checking pulse_width_clock
-----------------------------
 There are 0 register/latch pins which need pulse_width check


4. checking unconstrained_internal_endpoints
--------------------------------------------
 There are 0 pins that are not constrained for maximum delay.

 There are 0 pins that are not constrained for maximum delay due to constant clock.


5. checking no_input_delay
--------------------------
 There is 1 input port with no input delay specified. (HIGH)

 There are 0 input ports with no input delay but user has a false path constraint.


6. checking no_output_delay
---------------------------
 There are 7 ports with no output delay specified. (HIGH)

 There are 0 ports with no output delay but user has a false path constraint

 There are 0 ports with no output delay but with a timing clock defined on it or propagating through it


7. checking multiple_clock
--------------------------
 There are 0 register/latch pins with multiple clocks.


8. checking generated_clocks
----------------------------
 There are 0 generated clocks that are not connected to a clock source.


9. checking loops
-----------------
 There are 0 combinational loops in the design.


10. checking partial_input_delay
--------------------------------
 There are 0 input ports with partial input delay specified.


11. checking partial_output_delay
---------------------------------
 There are 0 ports with partial output delay specified.


12. checking latch_loops
------------------------
 There are 0 combinational latch loops in the design through latch input



------------------------------------------------------------------------------------------------
| Design Timing Summary
| ---------------------
------------------------------------------------------------------------------------------------

    WNS(ns)      TNS(ns)  TNS Failing Endpoints  TNS Total Endpoints      WHS(ns)      THS(ns)  THS Failing Endpoints  THS Total Endpoints     WPWS(ns)     TPWS(ns)  TPWS Failing Endpoints  TPWS Total Endpoints  
    -------      -------  ---------------------  -------------------      -------      -------  ---------------------  -------------------     --------     --------  ----------------------  --------------------  
      0.430        0.000                      0                  178        0.144        0.000                      0                  178       -0.489       -0.977                       2                   113  


Timing constraints are not met.


------------------------------------------------------------------------------------------------
| Clock Summary
| -------------
------------------------------------------------------------------------------------------------

Clock              Waveform(ns)         Period(ns)      Frequency(MHz)
-----              ------------         ----------      --------------
clk_sys            {0.000 41.667}       83.333          12.000          
  clk_fb_o         {0.000 41.666}       83.333          12.000          
  clk_fb_o_1       {0.000 41.666}       83.333          12.000          
  clk_out_unbuf    {0.000 0.833}        1.667           600.002         
  clk_out_unbuf_1  {0.000 0.833}        1.667           600.002         


------------------------------------------------------------------------------------------------
| Intra Clock Table
| -----------------
------------------------------------------------------------------------------------------------

Clock                  WNS(ns)      TNS(ns)  TNS Failing Endpoints  TNS Total Endpoints      WHS(ns)      THS(ns)  THS Failing Endpoints  THS Total Endpoints     WPWS(ns)     TPWS(ns)  TPWS Failing Endpoints  TPWS Total Endpoints  
-----                  -------      -------  ---------------------  -------------------      -------      -------  ---------------------  -------------------     --------     --------  ----------------------  --------------------  
clk_sys                 78.229        0.000                      0                  168        0.144        0.000                      0                  168       16.667        0.000                       0                    91  
  clk_fb_o                                                                                                                                                          16.667        0.000                       0                     3  
  clk_fb_o_1                                                                                                                                                        16.667        0.000                       0                     3  
  clk_out_unbuf          0.430        0.000                      0                    5        0.181        0.000                      0                    5       -0.489       -0.489                       1                     8  
  clk_out_unbuf_1        0.596        0.000                      0                    5        0.182        0.000                      0                    5       -0.489       -0.489                       1                     8  


------------------------------------------------------------------------------------------------
| Inter Clock Table
| -----------------
------------------------------------------------------------------------------------------------

From Clock    To Clock          WNS(ns)      TNS(ns)  TNS Failing Endpoints  TNS Total Endpoints      WHS(ns)      THS(ns)  THS Failing Endpoints  THS Total Endpoints  
----------    --------          -------      -------  ---------------------  -------------------      -------      -------  ---------------------  -------------------  


------------------------------------------------------------------------------------------------
| Other Path Groups Table
| -----------------------
------------------------------------------------------------------------------------------------

Path Group    From Clock    To Clock          WNS(ns)      TNS(ns)  TNS Failing Endpoints  TNS Total Endpoints      WHS(ns)      THS(ns)  THS Failing Endpoints  THS Total Endpoints  
----------    ----------    --------          -------      -------  ---------------------  -------------------      -------      -------  ---------------------  -------------------  


------------------------------------------------------------------------------------------------
| Timing Details
| --------------
------------------------------------------------------------------------------------------------


---------------------------------------------------------------------------------------------------
From Clock:  clk_sys
  To Clock:  clk_sys

Setup :            0  Failing Endpoints,  Worst Slack       78.229ns,  Total Violation        0.000ns
Hold  :            0  Failing Endpoints,  Worst Slack        0.144ns,  Total Violation        0.000ns
PW    :            0  Failing Endpoints,  Worst Slack       16.667ns,  Total Violation        0.000ns
---------------------------------------------------------------------------------------------------


Max Delay Paths
--------------------------------------------------------------------------------------
Slack (MET) :             78.229ns  (required time - arrival time)
  Source:                 u_core/u_tft/pixel_cnt_reg[1]/C
                            (rising edge-triggered cell FDCE clocked by clk_sys  {rise@0.000ns fall@41.667ns period=83.333ns})
  Destination:            u_core/u_tft/spi_tx_reg[6]/CE
                            (rising edge-triggered cell FDCE clocked by clk_sys  {rise@0.000ns fall@41.667ns period=83.333ns})
  Path Group:             clk_sys
  Path Type:              Setup (Max at Slow Process Corner)
  Requirement:            83.333ns  (clk_sys rise@83.333ns - clk_sys rise@0.000ns)
  Data Path Delay:        4.895ns  (logic 1.257ns (25.678%)  route 3.638ns (74.322%))
  Logic Levels:           3  (LUT4=1 LUT6=2)
  Clock Path Skew:        0.032ns (DCD - SCD + CPR)
    Destination Clock Delay (DCD):    4.863ns = ( 88.196 - 83.333 ) 
    Source Clock Delay      (SCD):    5.089ns
    Clock Pessimism Removal (CPR):    0.258ns
  Clock Uncertainty:      0.035ns  ((TSJ^2 + TIJ^2)^1/2 + DJ) / 2 + PE
    Total System Jitter     (TSJ):    0.071ns
    Total Input Jitter      (TIJ):    0.000ns
    Discrete Jitter          (DJ):    0.000ns
    Phase Error              (PE):    0.000ns

    Location             Delay type                Incr(ns)  Path(ns)    Netlist Resource(s)
  -------------------------------------------------------------------    -------------------
                         (clock clk_sys rise edge)    0.000     0.000 r  
    F14                                               0.000     0.000 r  clk_12mhz (IN)
                         net (fo=0)                   0.000     0.000    clk_12mhz
    F14                  IBUF (Prop_ibuf_I_O)         1.458     1.458 r  clk_12mhz_IBUF_inst/O
                         net (fo=1, routed)           1.972     3.430    clk_12mhz_IBUF
    BUFGCTRL_X0Y16       BUFG (Prop_bufg_I_O)         0.096     3.526 r  clk_12mhz_IBUF_BUFG_inst/O
                         net (fo=90, routed)          1.563     5.089    u_core/u_tft/clk_12mhz_IBUF_BUFG
    SLICE_X8Y33          FDCE                                         r  u_core/u_tft/pixel_cnt_reg[1]/C
  -------------------------------------------------------------------    -------------------
    SLICE_X8Y33          FDCE (Prop_fdce_C_Q)         0.478     5.567 f  u_core/u_tft/pixel_cnt_reg[1]/Q
                         net (fo=11, routed)          1.515     7.082    u_core/u_tft/pixel_cnt_reg_n_0_[1]
    SLICE_X4Y34          LUT4 (Prop_lut4_I3_O)        0.323     7.405 f  u_core/u_tft/FSM_sequential_state[2]_i_11/O
                         net (fo=3, routed)           0.304     7.709    u_core/u_tft/FSM_sequential_state[2]_i_11_n_0
    SLICE_X4Y34          LUT6 (Prop_lut6_I5_O)        0.332     8.041 r  u_core/u_tft/spi_tx[7]_i_4/O
                         net (fo=1, routed)           0.758     8.799    u_core/u_tft/u_spi/spi_tx_reg[7]
    SLICE_X4Y32          LUT6 (Prop_lut6_I4_O)        0.124     8.923 r  u_core/u_tft/u_spi/spi_tx[7]_i_1/O
                         net (fo=9, routed)           1.061     9.985    u_core/u_tft/spi_start
    SLICE_X0Y34          FDCE                                         r  u_core/u_tft/spi_tx_reg[6]/CE
  -------------------------------------------------------------------    -------------------

                         (clock clk_sys rise edge)   83.333    83.333 r  
    F14                                               0.000    83.333 r  clk_12mhz (IN)
                         net (fo=0)                   0.000    83.333    clk_12mhz
    F14                  IBUF (Prop_ibuf_I_O)         1.388    84.721 r  clk_12mhz_IBUF_inst/O
                         net (fo=1, routed)           1.868    86.589    clk_12mhz_IBUF
    BUFGCTRL_X0Y16       BUFG (Prop_bufg_I_O)         0.091    86.680 r  clk_12mhz_IBUF_BUFG_inst/O
                         net (fo=90, routed)          1.516    88.197    u_core/u_tft/clk_12mhz_IBUF_BUFG
    SLICE_X0Y34          FDCE                                         r  u_core/u_tft/spi_tx_reg[6]/C
                         clock pessimism              0.258    88.454    
                         clock uncertainty           -0.035    88.419    
    SLICE_X0Y34          FDCE (Setup_fdce_C_CE)      -0.205    88.214    u_core/u_tft/spi_tx_reg[6]
  -------------------------------------------------------------------
                         required time                         88.214    
                         arrival time                          -9.985    
  -------------------------------------------------------------------
                         slack                                 78.229    





Min Delay Paths
--------------------------------------------------------------------------------------
Slack (MET) :             0.144ns  (arrival time - required time)
  Source:                 u_core/u_tft/rst_cnt_reg[14]/C
                            (rising edge-triggered cell FDCE clocked by clk_sys  {rise@0.000ns fall@41.667ns period=83.333ns})
  Destination:            u_core/u_tft/tft_rst_n_reg/D
                            (rising edge-triggered cell FDCE clocked by clk_sys  {rise@0.000ns fall@41.667ns period=83.333ns})
  Path Group:             clk_sys
  Path Type:              Hold (Min at Fast Process Corner)
  Requirement:            0.000ns  (clk_sys rise@0.000ns - clk_sys rise@0.000ns)
  Data Path Delay:        0.277ns  (logic 0.186ns (67.267%)  route 0.091ns (32.733%))
  Logic Levels:           1  (LUT6=1)
  Clock Path Skew:        0.013ns (DCD - SCD - CPR)
    Destination Clock Delay (DCD):    1.988ns
    Source Clock Delay      (SCD):    1.474ns
    Clock Pessimism Removal (CPR):    0.501ns

    Location             Delay type                Incr(ns)  Path(ns)    Netlist Resource(s)
  -------------------------------------------------------------------    -------------------
                         (clock clk_sys rise edge)    0.000     0.000 r  
    F14                                               0.000     0.000 r  clk_12mhz (IN)
                         net (fo=0)                   0.000     0.000    clk_12mhz
    F14                  IBUF (Prop_ibuf_I_O)         0.226     0.226 r  clk_12mhz_IBUF_inst/O
                         net (fo=1, routed)           0.634     0.861    clk_12mhz_IBUF
    BUFGCTRL_X0Y16       BUFG (Prop_bufg_I_O)         0.026     0.887 r  clk_12mhz_IBUF_BUFG_inst/O
                         net (fo=90, routed)          0.588     1.474    u_core/u_tft/clk_12mhz_IBUF_BUFG
    SLICE_X7Y31          FDCE                                         r  u_core/u_tft/rst_cnt_reg[14]/C
  -------------------------------------------------------------------    -------------------
    SLICE_X7Y31          FDCE (Prop_fdce_C_Q)         0.141     1.615 r  u_core/u_tft/rst_cnt_reg[14]/Q
                         net (fo=4, routed)           0.091     1.706    u_core/u_tft/rst_cnt_reg[14]
    SLICE_X6Y31          LUT6 (Prop_lut6_I2_O)        0.045     1.751 r  u_core/u_tft/tft_rst_n_i_2/O
                         net (fo=1, routed)           0.000     1.751    u_core/u_tft/tft_rst_n_i_2_n_0
    SLICE_X6Y31          FDCE                                         r  u_core/u_tft/tft_rst_n_reg/D
  -------------------------------------------------------------------    -------------------

                         (clock clk_sys rise edge)    0.000     0.000 r  
    F14                                               0.000     0.000 r  clk_12mhz (IN)
                         net (fo=0)                   0.000     0.000    clk_12mhz
    F14                  IBUF (Prop_ibuf_I_O)         0.414     0.414 r  clk_12mhz_IBUF_inst/O
                         net (fo=1, routed)           0.689     1.103    clk_12mhz_IBUF
    BUFGCTRL_X0Y16       BUFG (Prop_bufg_I_O)         0.029     1.132 r  clk_12mhz_IBUF_BUFG_inst/O
                         net (fo=90, routed)          0.857     1.988    u_core/u_tft/clk_12mhz_IBUF_BUFG
    SLICE_X6Y31          FDCE                                         r  u_core/u_tft/tft_rst_n_reg/C
                         clock pessimism             -0.501     1.487    
    SLICE_X6Y31          FDCE (Hold_fdce_C_D)         0.120     1.607    u_core/u_tft/tft_rst_n_reg
  -------------------------------------------------------------------
                         required time                         -1.607    
                         arrival time                           1.751    
  -------------------------------------------------------------------
                         slack                                  0.144    





Pulse Width Checks
--------------------------------------------------------------------------------------
Clock Name:         clk_sys
Waveform(ns):       { 0.000 41.667 }
Period(ns):         83.333
Sources:            { clk_12mhz }

Check Type        Corner  Lib Pin            Reference Pin  Required(ns)  Actual(ns)  Slack(ns)  Location         Pin
Min Period        n/a     BUFG/I             n/a            2.155         83.333      81.178     BUFGCTRL_X0Y16   clk_12mhz_IBUF_BUFG_inst/I
Max Period        n/a     MMCME2_ADV/CLKIN1  n/a            100.000       83.333      16.667     MMCME2_ADV_X0Y0  u_core/u_ro/u_scope/u_mmcm/CLKIN1
Low Pulse Width   Slow    MMCME2_ADV/CLKIN1  n/a            10.000        41.666      31.666     MMCME2_ADV_X1Y0  u_core/u_ro/u_scope_ring/u_mmcm/CLKIN1
High Pulse Width  Fast    MMCME2_ADV/CLKIN1  n/a            10.000        41.667      31.667     MMCME2_ADV_X0Y0  u_core/u_ro/u_scope/u_mmcm/CLKIN1



---------------------------------------------------------------------------------------------------
From Clock:  clk_fb_o
  To Clock:  clk_fb_o

Setup :           NA  Failing Endpoints,  Worst Slack           NA  ,  Total Violation           NA
Hold  :           NA  Failing Endpoints,  Worst Slack           NA  ,  Total Violation           NA
PW    :            0  Failing Endpoints,  Worst Slack       16.667ns,  Total Violation        0.000ns
---------------------------------------------------------------------------------------------------


Pulse Width Checks
--------------------------------------------------------------------------------------
Clock Name:         clk_fb_o
Waveform(ns):       { 0.000 41.667 }
Period(ns):         83.333
Sources:            { u_core/u_ro/u_scope/u_mmcm/CLKFBOUT }

Check Type  Corner  Lib Pin             Reference Pin  Required(ns)  Actual(ns)  Slack(ns)  Location         Pin
Min Period  n/a     BUFG/I              n/a            2.155         83.333      81.178     BUFGCTRL_X0Y2    u_core/u_ro/u_scope/bufg_fb/I
Max Period  n/a     MMCME2_ADV/CLKFBIN  n/a            100.000       83.333      16.667     MMCME2_ADV_X0Y0  u_core/u_ro/u_scope/u_mmcm/CLKFBIN



---------------------------------------------------------------------------------------------------
From Clock:  clk_fb_o_1
  To Clock:  clk_fb_o_1

Setup :           NA  Failing Endpoints,  Worst Slack           NA  ,  Total Violation           NA
Hold  :           NA  Failing Endpoints,  Worst Slack           NA  ,  Total Violation           NA
PW    :            0  Failing Endpoints,  Worst Slack       16.667ns,  Total Violation        0.000ns
---------------------------------------------------------------------------------------------------


Pulse Width Checks
--------------------------------------------------------------------------------------
Clock Name:         clk_fb_o_1
Waveform(ns):       { 0.000 41.667 }
Period(ns):         83.333
Sources:            { u_core/u_ro/u_scope_ring/u_mmcm/CLKFBOUT }

Check Type  Corner  Lib Pin             Reference Pin  Required(ns)  Actual(ns)  Slack(ns)  Location         Pin
Min Period  n/a     BUFG/I              n/a            2.155         83.333      81.178     BUFGCTRL_X0Y3    u_core/u_ro/u_scope_ring/bufg_fb/I
Max Period  n/a     MMCME2_ADV/CLKFBIN  n/a            100.000       83.333      16.667     MMCME2_ADV_X1Y0  u_core/u_ro/u_scope_ring/u_mmcm/CLKFBIN



---------------------------------------------------------------------------------------------------
From Clock:  clk_out_unbuf
  To Clock:  clk_out_unbuf

Setup :            0  Failing Endpoints,  Worst Slack        0.430ns,  Total Violation        0.000ns
Hold  :            0  Failing Endpoints,  Worst Slack        0.181ns,  Total Violation        0.000ns
PW    :            1  Failing Endpoint ,  Worst Slack       -0.489ns,  Total Violation       -0.489ns
---------------------------------------------------------------------------------------------------


Max Delay Paths
--------------------------------------------------------------------------------------
Slack (MET) :             0.430ns  (required time - arrival time)
  Source:                 u_core/u_ro/u_scope/ext_rst_ok_reg/C
                            (rising edge-triggered cell FDCE clocked by clk_out_unbuf  {rise@0.000ns fall@0.833ns period=1.667ns})
  Destination:            u_core/u_ro/u_scope/rraw_c_reg/D
                            (rising edge-triggered cell FDCE clocked by clk_out_unbuf  {rise@0.000ns fall@0.833ns period=1.667ns})
  Path Group:             clk_out_unbuf
  Path Type:              Setup (Max at Slow Process Corner)
  Requirement:            1.667ns  (clk_out_unbuf rise@1.667ns - clk_out_unbuf rise@0.000ns)
  Data Path Delay:        1.205ns  (logic 0.580ns (48.145%)  route 0.625ns (51.855%))
  Logic Levels:           1  (LUT3=1)
  Clock Path Skew:        -0.025ns (DCD - SCD + CPR)
    Destination Clock Delay (DCD):    4.867ns = ( 6.534 - 1.667 ) 
    Source Clock Delay      (SCD):    5.164ns
    Clock Pessimism Removal (CPR):    0.272ns
  Clock Uncertainty:      0.036ns  ((TSJ^2 + DJ^2)^1/2) / 2 + PE
    Total System Jitter     (TSJ):    0.071ns
    Discrete Jitter          (DJ):    0.010ns
    Phase Error              (PE):    0.000ns

    Location             Delay type                Incr(ns)  Path(ns)    Netlist Resource(s)
  -------------------------------------------------------------------    -------------------
                         (clock clk_out_unbuf rise edge)
                                                      0.000     0.000 r  
    F14                                               0.000     0.000 r  clk_12mhz (IN)
                         net (fo=0)                   0.000     0.000    clk_12mhz
    F14                  IBUF (Prop_ibuf_I_O)         1.458     1.458 r  clk_12mhz_IBUF_inst/O
                         net (fo=1, routed)           1.972     3.430    clk_12mhz_IBUF
    BUFGCTRL_X0Y16       BUFG (Prop_bufg_I_O)         0.096     3.526 r  clk_12mhz_IBUF_BUFG_inst/O
                         net (fo=90, routed)          1.576     5.102    u_core/u_ro/u_scope/clk_12mhz_IBUF_BUFG
    MMCME2_ADV_X0Y0      MMCME2_ADV (Prop_mmcme2_adv_CLKIN1_CLKOUT0)
                                                     -3.337     1.766 r  u_core/u_ro/u_scope/u_mmcm/CLKOUT0
                         net (fo=1, routed)           1.666     3.432    u_core/u_ro/u_scope/clk_out_unbuf
    BUFGCTRL_X0Y0        BUFG (Prop_bufg_I_O)         0.096     3.528 r  u_core/u_ro/u_scope/bufg_out/O
                         net (fo=6, routed)           1.636     5.164    u_core/u_ro/u_scope/clk600
    SLICE_X1Y39          FDCE                                         r  u_core/u_ro/u_scope/ext_rst_ok_reg/C
  -------------------------------------------------------------------    -------------------
    SLICE_X1Y39          FDCE (Prop_fdce_C_Q)         0.456     5.620 r  u_core/u_ro/u_scope/ext_rst_ok_reg/Q
                         net (fo=4, routed)           0.625     6.245    u_core/u_ro/u_scope/ext_rst_ok
    SLICE_X1Y40          LUT3 (Prop_lut3_I1_O)        0.124     6.369 r  u_core/u_ro/u_scope/rraw_c_i_1/O
                         net (fo=1, routed)           0.000     6.369    u_core/u_ro/u_scope/rraw_c_i_1_n_0
    SLICE_X1Y40          FDCE                                         r  u_core/u_ro/u_scope/rraw_c_reg/D
  -------------------------------------------------------------------    -------------------

                         (clock clk_out_unbuf rise edge)
                                                      1.667     1.667 r  
    F14                                               0.000     1.667 r  clk_12mhz (IN)
                         net (fo=0)                   0.000     1.667    clk_12mhz
    F14                  IBUF (Prop_ibuf_I_O)         1.388     3.055 r  clk_12mhz_IBUF_inst/O
                         net (fo=1, routed)           1.868     4.923    clk_12mhz_IBUF
    BUFGCTRL_X0Y16       BUFG (Prop_bufg_I_O)         0.091     5.014 r  clk_12mhz_IBUF_BUFG_inst/O
                         net (fo=90, routed)          1.458     6.472    u_core/u_ro/u_scope/clk_12mhz_IBUF_BUFG
    MMCME2_ADV_X0Y0      MMCME2_ADV (Prop_mmcme2_adv_CLKIN1_CLKOUT0)
                                                     -3.133     3.339 r  u_core/u_ro/u_scope/u_mmcm/CLKOUT0
                         net (fo=1, routed)           1.587     4.926    u_core/u_ro/u_scope/clk_out_unbuf
    BUFGCTRL_X0Y0        BUFG (Prop_bufg_I_O)         0.091     5.017 r  u_core/u_ro/u_scope/bufg_out/O
                         net (fo=6, routed)           1.517     6.534    u_core/u_ro/u_scope/clk600
    SLICE_X1Y40          FDCE                                         r  u_core/u_ro/u_scope/rraw_c_reg/C
                         clock pessimism              0.272     6.806    
                         clock uncertainty           -0.036     6.770    
    SLICE_X1Y40          FDCE (Setup_fdce_C_D)        0.029     6.799    u_core/u_ro/u_scope/rraw_c_reg
  -------------------------------------------------------------------
                         required time                          6.799    
                         arrival time                          -6.369    
  -------------------------------------------------------------------
                         slack                                  0.430    





Min Delay Paths
--------------------------------------------------------------------------------------
Slack (MET) :             0.181ns  (arrival time - required time)
  Source:                 u_core/u_ro/u_scope/rraw_a_reg/C
                            (rising edge-triggered cell FDCE clocked by clk_out_unbuf  {rise@0.000ns fall@0.833ns period=1.667ns})
  Destination:            u_core/u_ro/u_scope/rraw_b_reg/D
                            (rising edge-triggered cell FDCE clocked by clk_out_unbuf  {rise@0.000ns fall@0.833ns period=1.667ns})
  Path Group:             clk_out_unbuf
  Path Type:              Hold (Min at Fast Process Corner)
  Requirement:            0.000ns  (clk_out_unbuf rise@0.000ns - clk_out_unbuf rise@0.000ns)
  Data Path Delay:        0.289ns  (logic 0.186ns (64.322%)  route 0.103ns (35.678%))
  Logic Levels:           1  (LUT3=1)
  Clock Path Skew:        0.016ns (DCD - SCD - CPR)
    Destination Clock Delay (DCD):    1.998ns
    Source Clock Delay      (SCD):    1.482ns
    Clock Pessimism Removal (CPR):    0.500ns

    Location             Delay type                Incr(ns)  Path(ns)    Netlist Resource(s)
  -------------------------------------------------------------------    -------------------
                         (clock clk_out_unbuf rise edge)
                                                      0.000     0.000 r  
    F14                                               0.000     0.000 r  clk_12mhz (IN)
                         net (fo=0)                   0.000     0.000    clk_12mhz
    F14                  IBUF (Prop_ibuf_I_O)         0.226     0.226 r  clk_12mhz_IBUF_inst/O
                         net (fo=1, routed)           0.634     0.861    clk_12mhz_IBUF
    BUFGCTRL_X0Y16       BUFG (Prop_bufg_I_O)         0.026     0.887 r  clk_12mhz_IBUF_BUFG_inst/O
                         net (fo=90, routed)          0.551     1.437    u_core/u_ro/u_scope/clk_12mhz_IBUF_BUFG
    MMCME2_ADV_X0Y0      MMCME2_ADV (Prop_mmcme2_adv_CLKIN1_CLKOUT0)
                                                     -1.063     0.374 r  u_core/u_ro/u_scope/u_mmcm/CLKOUT0
                         net (fo=1, routed)           0.489     0.863    u_core/u_ro/u_scope/clk_out_unbuf
    BUFGCTRL_X0Y0        BUFG (Prop_bufg_I_O)         0.026     0.889 r  u_core/u_ro/u_scope/bufg_out/O
                         net (fo=6, routed)           0.594     1.482    u_core/u_ro/u_scope/clk600
    SLICE_X1Y40          FDCE                                         r  u_core/u_ro/u_scope/rraw_a_reg/C
  -------------------------------------------------------------------    -------------------
    SLICE_X1Y40          FDCE (Prop_fdce_C_Q)         0.141     1.623 r  u_core/u_ro/u_scope/rraw_a_reg/Q
                         net (fo=1, routed)           0.103     1.726    u_core/u_ro/u_scope/rraw_a
    SLICE_X1Y41          LUT3 (Prop_lut3_I2_O)        0.045     1.771 r  u_core/u_ro/u_scope/rraw_b_i_1/O
                         net (fo=1, routed)           0.000     1.771    u_core/u_ro/u_scope/rraw_b_i_1_n_0
    SLICE_X1Y41          FDCE                                         r  u_core/u_ro/u_scope/rraw_b_reg/D
  -------------------------------------------------------------------    -------------------

                         (clock clk_out_unbuf rise edge)
                                                      0.000     0.000 r  
    F14                                               0.000     0.000 r  clk_12mhz (IN)
                         net (fo=0)                   0.000     0.000    clk_12mhz
    F14                  IBUF (Prop_ibuf_I_O)         0.414     0.414 r  clk_12mhz_IBUF_inst/O
                         net (fo=1, routed)           0.689     1.103    clk_12mhz_IBUF
    BUFGCTRL_X0Y16       BUFG (Prop_bufg_I_O)         0.029     1.132 r  clk_12mhz_IBUF_BUFG_inst/O
                         net (fo=90, routed)          0.818     1.949    u_core/u_ro/u_scope/clk_12mhz_IBUF_BUFG
    MMCME2_ADV_X0Y0      MMCME2_ADV (Prop_mmcme2_adv_CLKIN1_CLKOUT0)
                                                     -1.378     0.571 r  u_core/u_ro/u_scope/u_mmcm/CLKOUT0
                         net (fo=1, routed)           0.534     1.105    u_core/u_ro/u_scope/clk_out_unbuf
    BUFGCTRL_X0Y0        BUFG (Prop_bufg_I_O)         0.029     1.134 r  u_core/u_ro/u_scope/bufg_out/O
                         net (fo=6, routed)           0.865     1.998    u_core/u_ro/u_scope/clk600
    SLICE_X1Y41          FDCE                                         r  u_core/u_ro/u_scope/rraw_b_reg/C
                         clock pessimism             -0.500     1.498    
    SLICE_X1Y41          FDCE (Hold_fdce_C_D)         0.092     1.590    u_core/u_ro/u_scope/rraw_b_reg
  -------------------------------------------------------------------
                         required time                         -1.590    
                         arrival time                           1.771    
  -------------------------------------------------------------------
                         slack                                  0.181    





Pulse Width Checks
--------------------------------------------------------------------------------------
Clock Name:         clk_out_unbuf
Waveform(ns):       { 0.000 0.833 }
Period(ns):         1.667
Sources:            { u_core/u_ro/u_scope/u_mmcm/CLKOUT0 }

Check Type        Corner  Lib Pin             Reference Pin  Required(ns)  Actual(ns)  Slack(ns)  Location         Pin
Min Period        n/a     BUFG/I              n/a            2.155         1.667       -0.489     BUFGCTRL_X0Y0    u_core/u_ro/u_scope/bufg_out/I
Max Period        n/a     MMCME2_ADV/CLKOUT0  n/a            213.360       1.667       211.693    MMCME2_ADV_X0Y0  u_core/u_ro/u_scope/u_mmcm/CLKOUT0
Low Pulse Width   Slow    FDCE/C              n/a            0.500         0.833       0.333      SLICE_X1Y40      u_core/u_ro/u_scope/ext_rst_hi_reg/C
High Pulse Width  Slow    FDCE/C              n/a            0.500         0.833       0.333      SLICE_X1Y40      u_core/u_ro/u_scope/ext_rst_hi_reg/C



---------------------------------------------------------------------------------------------------
From Clock:  clk_out_unbuf_1
  To Clock:  clk_out_unbuf_1

Setup :            0  Failing Endpoints,  Worst Slack        0.596ns,  Total Violation        0.000ns
Hold  :            0  Failing Endpoints,  Worst Slack        0.182ns,  Total Violation        0.000ns
PW    :            1  Failing Endpoint ,  Worst Slack       -0.489ns,  Total Violation       -0.489ns
---------------------------------------------------------------------------------------------------


Max Delay Paths
--------------------------------------------------------------------------------------
Slack (MET) :             0.596ns  (required time - arrival time)
  Source:                 u_core/u_ro/u_scope_ring/ext_rst_ok_reg/C
                            (rising edge-triggered cell FDCE clocked by clk_out_unbuf_1  {rise@0.000ns fall@0.833ns period=1.667ns})
  Destination:            u_core/u_ro/u_scope_ring/rraw_c_reg/D
                            (rising edge-triggered cell FDCE clocked by clk_out_unbuf_1  {rise@0.000ns fall@0.833ns period=1.667ns})
  Path Group:             clk_out_unbuf_1
  Path Type:              Setup (Max at Slow Process Corner)
  Requirement:            1.667ns  (clk_out_unbuf_1 rise@1.667ns - clk_out_unbuf_1 rise@0.000ns)
  Data Path Delay:        1.041ns  (logic 0.580ns (55.742%)  route 0.461ns (44.258%))
  Logic Levels:           1  (LUT3=1)
  Clock Path Skew:        -0.025ns (DCD - SCD + CPR)
    Destination Clock Delay (DCD):    4.864ns = ( 6.531 - 1.667 ) 
    Source Clock Delay      (SCD):    5.161ns
    Clock Pessimism Removal (CPR):    0.272ns
  Clock Uncertainty:      0.036ns  ((TSJ^2 + DJ^2)^1/2) / 2 + PE
    Total System Jitter     (TSJ):    0.071ns
    Discrete Jitter          (DJ):    0.010ns
    Phase Error              (PE):    0.000ns

    Location             Delay type                Incr(ns)  Path(ns)    Netlist Resource(s)
  -------------------------------------------------------------------    -------------------
                         (clock clk_out_unbuf_1 rise edge)
                                                      0.000     0.000 r  
    F14                                               0.000     0.000 r  clk_12mhz (IN)
                         net (fo=0)                   0.000     0.000    clk_12mhz
    F14                  IBUF (Prop_ibuf_I_O)         1.458     1.458 r  clk_12mhz_IBUF_inst/O
                         net (fo=1, routed)           1.972     3.430    clk_12mhz_IBUF
    BUFGCTRL_X0Y16       BUFG (Prop_bufg_I_O)         0.096     3.526 r  clk_12mhz_IBUF_BUFG_inst/O
                         net (fo=90, routed)          1.577     5.103    u_core/u_ro/u_scope_ring/clk_12mhz_IBUF_BUFG
    MMCME2_ADV_X1Y0      MMCME2_ADV (Prop_mmcme2_adv_CLKIN1_CLKOUT0)
                                                     -3.333     1.771 r  u_core/u_ro/u_scope_ring/u_mmcm/CLKOUT0
                         net (fo=1, routed)           1.661     3.432    u_core/u_ro/u_scope_ring/clk_out_unbuf
    BUFGCTRL_X0Y1        BUFG (Prop_bufg_I_O)         0.096     3.528 r  u_core/u_ro/u_scope_ring/bufg_out/O
                         net (fo=6, routed)           1.633     5.161    u_core/u_ro/u_scope_ring/clk600
    SLICE_X3Y36          FDCE                                         r  u_core/u_ro/u_scope_ring/ext_rst_ok_reg/C
  -------------------------------------------------------------------    -------------------
    SLICE_X3Y36          FDCE (Prop_fdce_C_Q)         0.456     5.617 r  u_core/u_ro/u_scope_ring/ext_rst_ok_reg/Q
                         net (fo=4, routed)           0.461     6.078    u_core/u_ro/u_scope_ring/ext_rst_ok
    SLICE_X0Y36          LUT3 (Prop_lut3_I1_O)        0.124     6.202 r  u_core/u_ro/u_scope_ring/rraw_c_i_1__0/O
                         net (fo=1, routed)           0.000     6.202    u_core/u_ro/u_scope_ring/rraw_c_i_1__0_n_0
    SLICE_X0Y36          FDCE                                         r  u_core/u_ro/u_scope_ring/rraw_c_reg/D
  -------------------------------------------------------------------    -------------------

                         (clock clk_out_unbuf_1 rise edge)
                                                      1.667     1.667 r  
    F14                                               0.000     1.667 r  clk_12mhz (IN)
                         net (fo=0)                   0.000     1.667    clk_12mhz
    F14                  IBUF (Prop_ibuf_I_O)         1.388     3.055 r  clk_12mhz_IBUF_inst/O
                         net (fo=1, routed)           1.868     4.923    clk_12mhz_IBUF
    BUFGCTRL_X0Y16       BUFG (Prop_bufg_I_O)         0.091     5.014 r  clk_12mhz_IBUF_BUFG_inst/O
                         net (fo=90, routed)          1.460     6.474    u_core/u_ro/u_scope_ring/clk_12mhz_IBUF_BUFG
    MMCME2_ADV_X1Y0      MMCME2_ADV (Prop_mmcme2_adv_CLKIN1_CLKOUT0)
                                                     -3.129     3.345 r  u_core/u_ro/u_scope_ring/u_mmcm/CLKOUT0
                         net (fo=1, routed)           1.581     4.926    u_core/u_ro/u_scope_ring/clk_out_unbuf
    BUFGCTRL_X0Y1        BUFG (Prop_bufg_I_O)         0.091     5.017 r  u_core/u_ro/u_scope_ring/bufg_out/O
                         net (fo=6, routed)           1.514     6.531    u_core/u_ro/u_scope_ring/clk600
    SLICE_X0Y36          FDCE                                         r  u_core/u_ro/u_scope_ring/rraw_c_reg/C
                         clock pessimism              0.272     6.803    
                         clock uncertainty           -0.036     6.767    
    SLICE_X0Y36          FDCE (Setup_fdce_C_D)        0.031     6.798    u_core/u_ro/u_scope_ring/rraw_c_reg
  -------------------------------------------------------------------
                         required time                          6.798    
                         arrival time                          -6.202    
  -------------------------------------------------------------------
                         slack                                  0.596    





Min Delay Paths
--------------------------------------------------------------------------------------
Slack (MET) :             0.182ns  (arrival time - required time)
  Source:                 u_core/u_ro/u_scope_ring/rraw_b_reg/C
                            (rising edge-triggered cell FDCE clocked by clk_out_unbuf_1  {rise@0.000ns fall@0.833ns period=1.667ns})
  Destination:            u_core/u_ro/u_scope_ring/rraw_c_reg/D
                            (rising edge-triggered cell FDCE clocked by clk_out_unbuf_1  {rise@0.000ns fall@0.833ns period=1.667ns})
  Path Group:             clk_out_unbuf_1
  Path Type:              Hold (Min at Fast Process Corner)
  Requirement:            0.000ns  (clk_out_unbuf_1 rise@0.000ns - clk_out_unbuf_1 rise@0.000ns)
  Data Path Delay:        0.288ns  (logic 0.186ns (64.664%)  route 0.102ns (35.336%))
  Logic Levels:           1  (LUT3=1)
  Clock Path Skew:        0.014ns (DCD - SCD - CPR)
    Destination Clock Delay (DCD):    1.994ns
    Source Clock Delay      (SCD):    1.480ns
    Clock Pessimism Removal (CPR):    0.500ns

    Location             Delay type                Incr(ns)  Path(ns)    Netlist Resource(s)
  -------------------------------------------------------------------    -------------------
                         (clock clk_out_unbuf_1 rise edge)
                                                      0.000     0.000 r  
    F14                                               0.000     0.000 r  clk_12mhz (IN)
                         net (fo=0)                   0.000     0.000    clk_12mhz
    F14                  IBUF (Prop_ibuf_I_O)         0.226     0.226 r  clk_12mhz_IBUF_inst/O
                         net (fo=1, routed)           0.634     0.861    clk_12mhz_IBUF
    BUFGCTRL_X0Y16       BUFG (Prop_bufg_I_O)         0.026     0.887 r  clk_12mhz_IBUF_BUFG_inst/O
                         net (fo=90, routed)          0.551     1.437    u_core/u_ro/u_scope_ring/clk_12mhz_IBUF_BUFG
    MMCME2_ADV_X1Y0      MMCME2_ADV (Prop_mmcme2_adv_CLKIN1_CLKOUT0)
                                                     -1.061     0.377 r  u_core/u_ro/u_scope_ring/u_mmcm/CLKOUT0
                         net (fo=1, routed)           0.486     0.863    u_core/u_ro/u_scope_ring/clk_out_unbuf
    BUFGCTRL_X0Y1        BUFG (Prop_bufg_I_O)         0.026     0.889 r  u_core/u_ro/u_scope_ring/bufg_out/O
                         net (fo=6, routed)           0.592     1.480    u_core/u_ro/u_scope_ring/clk600
    SLICE_X3Y37          FDCE                                         r  u_core/u_ro/u_scope_ring/rraw_b_reg/C
  -------------------------------------------------------------------    -------------------
    SLICE_X3Y37          FDCE (Prop_fdce_C_Q)         0.141     1.621 r  u_core/u_ro/u_scope_ring/rraw_b_reg/Q
                         net (fo=1, routed)           0.102     1.723    u_core/u_ro/u_scope_ring/rraw_b
    SLICE_X0Y36          LUT3 (Prop_lut3_I2_O)        0.045     1.768 r  u_core/u_ro/u_scope_ring/rraw_c_i_1__0/O
                         net (fo=1, routed)           0.000     1.768    u_core/u_ro/u_scope_ring/rraw_c_i_1__0_n_0
    SLICE_X0Y36          FDCE                                         r  u_core/u_ro/u_scope_ring/rraw_c_reg/D
  -------------------------------------------------------------------    -------------------

                         (clock clk_out_unbuf_1 rise edge)
                                                      0.000     0.000 r  
    F14                                               0.000     0.000 r  clk_12mhz (IN)
                         net (fo=0)                   0.000     0.000    clk_12mhz
    F14                  IBUF (Prop_ibuf_I_O)         0.414     0.414 r  clk_12mhz_IBUF_inst/O
                         net (fo=1, routed)           0.689     1.103    clk_12mhz_IBUF
    BUFGCTRL_X0Y16       BUFG (Prop_bufg_I_O)         0.029     1.132 r  clk_12mhz_IBUF_BUFG_inst/O
                         net (fo=90, routed)          0.819     1.950    u_core/u_ro/u_scope_ring/clk_12mhz_IBUF_BUFG
    MMCME2_ADV_X1Y0      MMCME2_ADV (Prop_mmcme2_adv_CLKIN1_CLKOUT0)
                                                     -1.375     0.575 r  u_core/u_ro/u_scope_ring/u_mmcm/CLKOUT0
                         net (fo=1, routed)           0.530     1.105    u_core/u_ro/u_scope_ring/clk_out_unbuf
    BUFGCTRL_X0Y1        BUFG (Prop_bufg_I_O)         0.029     1.134 r  u_core/u_ro/u_scope_ring/bufg_out/O
                         net (fo=6, routed)           0.861     1.994    u_core/u_ro/u_scope_ring/clk600
    SLICE_X0Y36          FDCE                                         r  u_core/u_ro/u_scope_ring/rraw_c_reg/C
                         clock pessimism             -0.500     1.494    
    SLICE_X0Y36          FDCE (Hold_fdce_C_D)         0.092     1.586    u_core/u_ro/u_scope_ring/rraw_c_reg
  -------------------------------------------------------------------
                         required time                         -1.586    
                         arrival time                           1.768    
  -------------------------------------------------------------------
                         slack                                  0.182    





Pulse Width Checks
--------------------------------------------------------------------------------------
Clock Name:         clk_out_unbuf_1
Waveform(ns):       { 0.000 0.833 }
Period(ns):         1.667
Sources:            { u_core/u_ro/u_scope_ring/u_mmcm/CLKOUT0 }

Check Type        Corner  Lib Pin             Reference Pin  Required(ns)  Actual(ns)  Slack(ns)  Location         Pin
Min Period        n/a     BUFG/I              n/a            2.155         1.667       -0.489     BUFGCTRL_X0Y1    u_core/u_ro/u_scope_ring/bufg_out/I
Max Period        n/a     MMCME2_ADV/CLKOUT0  n/a            213.360       1.667       211.693    MMCME2_ADV_X1Y0  u_core/u_ro/u_scope_ring/u_mmcm/CLKOUT0
Low Pulse Width   Slow    FDCE/C              n/a            0.500         0.833       0.333      SLICE_X1Y36      u_core/u_ro/u_scope_ring/ext_rst_hi_reg/C
High Pulse Width  Fast    FDCE/C              n/a            0.500         0.833       0.333      SLICE_X1Y36      u_core/u_ro/u_scope_ring/ext_rst_hi_reg/C



